
45948 : 0x5a3475be5116 : 1 : spill_jit_data :  Jit agent is not initialized
45917 : 0x5a3475bee25c : 2 : ittapi_config_mask_get :  --itt-config mask to be applied: 55
45917 : 0x5a3475bf0d1f : 2 : ittapi_config_apply_per_lib :  ITTAPI function instrumented: __itt_domain_create
45917 : 0x5a3475bf20d4 : 2 : ittapi_config_apply_per_lib :  ITTAPI function instrumented: __itt_module_load_with_sections
45917 : 0x5a3475bf3a0d : 2 : ittapi_config_apply_per_lib :  ITTAPI function not implemented: __itt_module_unload_with_sections
45917 : 0x5a3475bf4936 : 2 : ittapi_config_apply_per_lib :  ITTAPI function instrumented: __itt_string_handle_create
45917 : 0x5a3475bf53d8 : 2 : ittapi_config_apply_per_lib :  ITTAPI function instrumented: __itt_counter_create
45917 : 0x5a3475bf5f5e : 2 : ittapi_config_apply_per_lib :  ITTAPI function instrumented: __itt_counter_create_typed
45917 : 0x5a3475bf6aea : 2 : ittapi_config_apply_per_lib :  ITTAPI function instrumented: __itt_pause
45917 : 0x5a3475bf76a1 : 2 : ittapi_config_apply_per_lib :  ITTAPI function instrumented: __itt_resume
45917 : 0x5a3475c0423a : 2 : ittapi_config_apply_per_lib :  ITTAPI function instrumented: __itt_thread_set_name
45917 : 0x5a3475c05182 : 2 : ittapi_config_apply_per_lib :  ITTAPI function instrumented: __itt_thread_ignore
45917 : 0x5a3475c05c38 : 2 : ittapi_config_apply_per_lib :  ITTAPI function instrumented: __itt_thr_name_set
45917 : 0x5a3475c06799 : 2 : ittapi_config_apply_per_lib :  ITTAPI function instrumented: __itt_thr_ignore
45917 : 0x5a3475c072f8 : 2 : ittapi_config_apply_per_lib :  ITTAPI function instrumented: __itt_histogram_create
45917 : 0x5a3475c083c3 : 2 : ittapi_config_apply_per_lib :  ITTAPI function not implemented: __itt_enable_attach
45917 : 0x5a3475c08fa3 : 2 : ittapi_config_apply_per_lib :  ITTAPI function instrumented: __itt_detach
45917 : 0x5a3475c09a04 : 2 : ittapi_config_apply_per_lib :  ITTAPI function NOT instrumented (not matched by --itt-config option): __itt_sync_create

45917 : 0x5a3475c0a46e : 2 : ittapi_config_apply_per_lib :  ITTAPI function NOT instrumented (not matched by --itt-config option): __itt_sync_rename

45917 : 0x5a3475c0adaf : 2 : ittapi_config_apply_per_lib :  ITTAPI function NOT instrumented (not matched by --itt-config option): __itt_sync_destroy

45917 : 0x5a3475c10cbd : 2 : ittapi_config_apply_per_lib :  ITTAPI function NOT instrumented (not matched by --itt-config option): __itt_sync_prepare

45917 : 0x5a3475c11773 : 2 : ittapi_config_apply_per_lib :  ITTAPI function NOT instrumented (not matched by --itt-config option): __itt_sync_cancel

45917 : 0x5a3475c12090 : 2 : ittapi_config_apply_per_lib :  ITTAPI function NOT instrumented (not matched by --itt-config option): __itt_sync_acquired

45917 : 0x5a3475c129ac : 2 : ittapi_config_apply_per_lib :  ITTAPI function NOT instrumented (not matched by --itt-config option): __itt_sync_releasing

45917 : 0x5a3475c13a20 : 2 : ittapi_config_apply_per_lib :  ITTAPI function not implemented: __itt_suppress_push
45917 : 0x5a3475c149b2 : 2 : ittapi_config_apply_per_lib :  ITTAPI function not implemented: __itt_suppress_pop
45917 : 0x5a3475c15654 : 2 : ittapi_config_apply_per_lib :  ITTAPI function not implemented: __itt_suppress_mark_range
45917 : 0x5a3475c16412 : 2 : ittapi_config_apply_per_lib :  ITTAPI function not implemented: __itt_suppress_clear_range
45917 : 0x5a3475c16d94 : 2 : ittapi_config_apply_per_lib :  ITTAPI function NOT instrumented (not matched by --itt-config option): __itt_sync_prepare

45917 : 0x5a3475c176f3 : 2 : ittapi_config_apply_per_lib :  ITTAPI function NOT instrumented (not matched by --itt-config option): __itt_sync_cancel

45917 : 0x5a3475c1c990 : 2 : ittapi_config_apply_per_lib :  ITTAPI function NOT instrumented (not matched by --itt-config option): __itt_sync_acquired

45917 : 0x5a3475c1d40d : 2 : ittapi_config_apply_per_lib :  ITTAPI function NOT instrumented (not matched by --itt-config option): __itt_sync_releasing

45917 : 0x5a3475c1ddd1 : 2 : ittapi_config_apply_per_lib :  ITTAPI function NOT instrumented (not matched by --itt-config option): __itt_model_site_begin

45917 : 0x5a3475c1e7aa : 2 : ittapi_config_apply_per_lib :  ITTAPI function NOT instrumented (not matched by --itt-config option): __itt_model_site_end

45917 : 0x5a3475c1f155 : 2 : ittapi_config_apply_per_lib :  ITTAPI function NOT instrumented (not matched by --itt-config option): __itt_model_task_begin

45917 : 0x5a3475c1fce5 : 2 : ittapi_config_apply_per_lib :  ITTAPI function NOT instrumented (not matched by --itt-config option): __itt_model_task_end

45917 : 0x5a3475c206d3 : 2 : ittapi_config_apply_per_lib :  ITTAPI function NOT instrumented (not matched by --itt-config option): __itt_model_lock_acquire

45917 : 0x5a3475c2125f : 2 : ittapi_config_apply_per_lib :  ITTAPI function NOT instrumented (not matched by --itt-config option): __itt_model_lock_release

45917 : 0x5a3475c21c8a : 2 : ittapi_config_apply_per_lib :  ITTAPI function NOT instrumented (not matched by --itt-config option): __itt_model_record_allocation

45917 : 0x5a3475c22568 : 2 : ittapi_config_apply_per_lib :  ITTAPI function NOT instrumented (not matched by --itt-config option): __itt_model_record_deallocation

45917 : 0x5a3475c2a4d5 : 2 : ittapi_config_apply_per_lib :  ITTAPI function NOT instrumented (not matched by --itt-config option): __itt_model_induction_uses

45917 : 0x5a3475c2afad : 2 : ittapi_config_apply_per_lib :  ITTAPI function NOT instrumented (not matched by --itt-config option): __itt_model_reduction_uses

45917 : 0x5a3475c2b875 : 2 : ittapi_config_apply_per_lib :  ITTAPI function NOT instrumented (not matched by --itt-config option): __itt_model_observe_uses

45917 : 0x5a3475c2c133 : 2 : ittapi_config_apply_per_lib :  ITTAPI function NOT instrumented (not matched by --itt-config option): __itt_model_clear_uses

45917 : 0x5a3475c2c9ff : 2 : ittapi_config_apply_per_lib :  ITTAPI function NOT instrumented (not matched by --itt-config option): __itt_model_site_beginA

45917 : 0x5a3475c2d2d1 : 2 : ittapi_config_apply_per_lib :  ITTAPI function NOT instrumented (not matched by --itt-config option): __itt_model_site_beginAL

45917 : 0x5a3475c2dc32 : 2 : ittapi_config_apply_per_lib :  ITTAPI function NOT instrumented (not matched by --itt-config option): __itt_model_task_beginA

45917 : 0x5a3475c2e508 : 2 : ittapi_config_apply_per_lib :  ITTAPI function NOT instrumented (not matched by --itt-config option): __itt_model_task_beginAL

45917 : 0x5a3475c2edbc : 2 : ittapi_config_apply_per_lib :  ITTAPI function NOT instrumented (not matched by --itt-config option): __itt_model_iteration_taskA

45917 : 0x5a3475c2f674 : 2 : ittapi_config_apply_per_lib :  ITTAPI function NOT instrumented (not matched by --itt-config option): __itt_model_iteration_taskAL

45917 : 0x5a3475c346f7 : 2 : ittapi_config_apply_per_lib :  ITTAPI function NOT instrumented (not matched by --itt-config option): __itt_model_site_end_2

45917 : 0x5a3475c350a7 : 2 : ittapi_config_apply_per_lib :  ITTAPI function NOT instrumented (not matched by --itt-config option): __itt_model_task_end_2

45917 : 0x5a3475c3596d : 2 : ittapi_config_apply_per_lib :  ITTAPI function NOT instrumented (not matched by --itt-config option): __itt_model_lock_acquire_2

45917 : 0x5a3475c36229 : 2 : ittapi_config_apply_per_lib :  ITTAPI function NOT instrumented (not matched by --itt-config option): __itt_model_lock_release_2

45917 : 0x5a3475c36af1 : 2 : ittapi_config_apply_per_lib :  ITTAPI function NOT instrumented (not matched by --itt-config option): __itt_model_aggregate_task

45917 : 0x5a3475c373c3 : 2 : ittapi_config_apply_per_lib :  ITTAPI function NOT instrumented (not matched by --itt-config option): __itt_model_disable_push

45917 : 0x5a3475c37c8f : 2 : ittapi_config_apply_per_lib :  ITTAPI function NOT instrumented (not matched by --itt-config option): __itt_model_disable_pop

45917 : 0x5a3475c38a25 : 2 : ittapi_config_apply_per_lib :  ITTAPI function instrumented: __itt_heap_function_create
45917 : 0x5a3475c395f5 : 2 : ittapi_config_apply_per_lib :  ITTAPI function instrumented: __itt_heap_allocate_begin
45917 : 0x5a3475c3a074 : 2 : ittapi_config_apply_per_lib :  ITTAPI function instrumented: __itt_heap_allocate_end
45917 : 0x5a3475c40de4 : 2 : ittapi_config_apply_per_lib :  ITTAPI function instrumented: __itt_heap_free_begin
45917 : 0x5a3475c41a5e : 2 : ittapi_config_apply_per_lib :  ITTAPI function instrumented: __itt_heap_free_end
45917 : 0x5a3475c42544 : 2 : ittapi_config_apply_per_lib :  ITTAPI function instrumented: __itt_heap_reallocate_begin
45917 : 0x5a3475c42f93 : 2 : ittapi_config_apply_per_lib :  ITTAPI function instrumented: __itt_heap_reallocate_end
45917 : 0x5a3475c43d1f : 2 : ittapi_config_apply_per_lib :  ITTAPI function not implemented: __itt_heap_internal_access_begin
45917 : 0x5a3475c44a46 : 2 : ittapi_config_apply_per_lib :  ITTAPI function not implemented: __itt_heap_internal_access_end
45917 : 0x5a3475c456d2 : 2 : ittapi_config_apply_per_lib :  ITTAPI function not implemented: __itt_heap_record_memory_growth_begin
45917 : 0x5a3475c4631f : 2 : ittapi_config_apply_per_lib :  ITTAPI function not implemented: __itt_heap_record_memory_growth_end
45917 : 0x5a3475c46f5e : 2 : ittapi_config_apply_per_lib :  ITTAPI function not implemented: __itt_heap_reset_detection
45917 : 0x5a3475c47cee : 2 : ittapi_config_apply_per_lib :  ITTAPI function not implemented: __itt_heap_record
45917 : 0x5a3475c4d4d6 : 2 : ittapi_config_apply_per_lib :  ITTAPI function not implemented: __itt_id_create
45917 : 0x5a3475c4e272 : 2 : ittapi_config_apply_per_lib :  ITTAPI function not implemented: __itt_id_destroy
45917 : 0x5a3475c4ee14 : 2 : ittapi_config_apply_per_lib :  ITTAPI function instrumented: __itt_get_timestamp
45917 : 0x5a3475c4f9de : 2 : ittapi_config_apply_per_lib :  ITTAPI function not implemented: __itt_region_begin
45917 : 0x5a3475c50667 : 2 : ittapi_config_apply_per_lib :  ITTAPI function not implemented: __itt_region_end
45917 : 0x5a3475c511d9 : 2 : ittapi_config_apply_per_lib :  ITTAPI function instrumented: __itt_frame_begin_v3
45917 : 0x5a3475c51cfa : 2 : ittapi_config_apply_per_lib :  ITTAPI function instrumented: __itt_frame_end_v3
45917 : 0x5a3475c527fe : 2 : ittapi_config_apply_per_lib :  ITTAPI function instrumented: __itt_frame_submit_v3
45917 : 0x5a3475c5345e : 2 : ittapi_config_apply_per_lib :  ITTAPI function not implemented: __itt_task_group
45917 : 0x5a3475c5401a : 2 : ittapi_config_apply_per_lib :  ITTAPI function instrumented: __itt_task_begin
45917 : 0x5a3475c59a46 : 2 : ittapi_config_apply_per_lib :  ITTAPI function instrumented: __itt_task_begin_fn
45917 : 0x5a3475c5a5f6 : 2 : ittapi_config_apply_per_lib :  ITTAPI function instrumented: __itt_task_end
45917 : 0x5a3475c5b32b : 2 : ittapi_config_apply_per_lib :  ITTAPI function not implemented: __itt_counter_inc_v3
45917 : 0x5a3475c5bf85 : 2 : ittapi_config_apply_per_lib :  ITTAPI function not implemented: __itt_counter_inc_delta_v3
45917 : 0x5a3475c5cbc2 : 2 : ittapi_config_apply_per_lib :  ITTAPI function not implemented: __itt_counter_dec_v3
45917 : 0x5a3475c5d74b : 2 : ittapi_config_apply_per_lib :  ITTAPI function not implemented: __itt_counter_dec_delta_v3
45917 : 0x5a3475c5e52c : 2 : ittapi_config_apply_per_lib :  ITTAPI function not implemented: __itt_marker
45917 : 0x5a3475c5f12a : 2 : ittapi_config_apply_per_lib :  ITTAPI function instrumented: __itt_metadata_add
45917 : 0x5a3475c5fe2b : 2 : ittapi_config_apply_per_lib :  ITTAPI function not implemented: __itt_metadata_str_add
45917 : 0x5a3475c60a40 : 2 : ittapi_config_apply_per_lib :  ITTAPI function not implemented: __itt_relation_add_to_current
45917 : 0x5a3475c65fb9 : 2 : ittapi_config_apply_per_lib :  ITTAPI function not implemented: __itt_relation_add
45917 : 0x5a3475c66c52 : 2 : ittapi_config_apply_per_lib :  ITTAPI function instrumented: __itt_event_create
45917 : 0x5a3475c67743 : 2 : ittapi_config_apply_per_lib :  ITTAPI function instrumented: __itt_event_start
45917 : 0x5a3475c68264 : 2 : ittapi_config_apply_per_lib :  ITTAPI function instrumented: __itt_event_end
45917 : 0x5a3475c68c05 : 2 : ittapi_config_apply_per_lib :  ITTAPI function NOT instrumented (not matched by --itt-config option): __itt_sync_set_name

45917 : 0x5a3475c6960e : 2 : ittapi_config_apply_per_lib :  ITTAPI function NOT instrumented (not matched by --itt-config option): __itt_notify_sync_name

45917 : 0x5a3475c69f83 : 2 : ittapi_config_apply_per_lib :  ITTAPI function NOT instrumented (not matched by --itt-config option): __itt_notify_sync_prepare

45917 : 0x5a3475c6a8e2 : 2 : ittapi_config_apply_per_lib :  ITTAPI function NOT instrumented (not matched by --itt-config option): __itt_notify_sync_cancel

45917 : 0x5a3475c6b223 : 2 : ittapi_config_apply_per_lib :  ITTAPI function NOT instrumented (not matched by --itt-config option): __itt_notify_sync_acquired

45917 : 0x5a3475c6bb44 : 2 : ittapi_config_apply_per_lib :  ITTAPI function NOT instrumented (not matched by --itt-config option): __itt_notify_sync_releasing

45917 : 0x5a3475c72c90 : 2 : ittapi_config_apply_per_lib :  ITTAPI function not implemented: __itt_memory_read
45917 : 0x5a3475c73acf : 2 : ittapi_config_apply_per_lib :  ITTAPI function not implemented: __itt_memory_write
45917 : 0x5a3475c7476b : 2 : ittapi_config_apply_per_lib :  ITTAPI function not implemented: __itt_memory_update
45917 : 0x5a3475c753ca : 2 : ittapi_config_apply_per_lib :  ITTAPI function not implemented: __itt_state_get
45917 : 0x5a3475c75f89 : 2 : ittapi_config_apply_per_lib :  ITTAPI function not implemented: __itt_state_set
45917 : 0x5a3475c76b61 : 2 : ittapi_config_apply_per_lib :  ITTAPI function not implemented: __itt_obj_mode_set
45917 : 0x5a3475c77761 : 2 : ittapi_config_apply_per_lib :  ITTAPI function not implemented: __itt_thr_mode_set
45917 : 0x5a3475c782a4 : 2 : ittapi_config_apply_per_lib :  ITTAPI function instrumented: __itt_frame_create
45917 : 0x5a3475c78d50 : 2 : ittapi_config_apply_per_lib :  ITTAPI function instrumented: __itt_pt_region_create
45917 : 0x5a3475c79920 : 2 : ittapi_config_apply_per_lib :  ITTAPI function instrumented: __itt_frame_begin
45917 : 0x5a3475c7ef37 : 2 : ittapi_config_apply_per_lib :  ITTAPI function instrumented: __itt_frame_end
45917 : 0x5a3475c7fcfb : 2 : ittapi_config_apply_per_lib :  ITTAPI function not implemented: __itt_counter_destroy
45917 : 0x5a3475c8088d : 2 : ittapi_config_apply_per_lib :  ITTAPI function instrumented: __itt_counter_inc
45917 : 0x5a3475c813ba : 2 : ittapi_config_apply_per_lib :  ITTAPI function instrumented: __itt_counter_inc_delta
45917 : 0x5a3475c81e6d : 2 : ittapi_config_apply_per_lib :  ITTAPI function instrumented: __itt_counter_dec
45917 : 0x5a3475c82982 : 2 : ittapi_config_apply_per_lib :  ITTAPI function instrumented: __itt_counter_dec_delta
45917 : 0x5a3475c83456 : 2 : ittapi_config_apply_per_lib :  ITTAPI function instrumented: __itt_counter_set_value
45917 : 0x5a3475c84043 : 2 : ittapi_config_apply_per_lib :  ITTAPI function not implemented: __itt_counter_set_value_ex
45917 : 0x5a3475c84bda : 2 : ittapi_config_apply_per_lib :  ITTAPI function not implemented: __itt_mark_create
45917 : 0x5a3475c8581e : 2 : ittapi_config_apply_per_lib :  ITTAPI function not implemented: __itt_mark
45917 : 0x5a3475c8ab30 : 2 : ittapi_config_apply_per_lib :  ITTAPI function not implemented: __itt_mark_off
45917 : 0x5a3475c8b84b : 2 : ittapi_config_apply_per_lib :  ITTAPI function not implemented: __itt_mark_global
45917 : 0x5a3475c8c48a : 2 : ittapi_config_apply_per_lib :  ITTAPI function not implemented: __itt_mark_global_off
45917 : 0x5a3475c8d13e : 2 : ittapi_config_apply_per_lib :  ITTAPI function instrumented: __itt_stack_caller_create
45917 : 0x5a3475c8dccd : 2 : ittapi_config_apply_per_lib :  ITTAPI function instrumented: __itt_stack_caller_destroy
45917 : 0x5a3475c8e802 : 2 : ittapi_config_apply_per_lib :  ITTAPI function instrumented: __itt_stack_callee_enter
45917 : 0x5a3475c8f2a4 : 2 : ittapi_config_apply_per_lib :  ITTAPI function instrumented: __itt_stack_callee_leave
45917 : 0x5a3475c8fe22 : 2 : ittapi_config_apply_per_lib :  ITTAPI function not implemented: __itt_clock_domain_create
45917 : 0x5a3475c90a8b : 2 : ittapi_config_apply_per_lib :  ITTAPI function not implemented: __itt_clock_domain_reset
45917 : 0x5a3475c917ba : 2 : ittapi_config_apply_per_lib :  ITTAPI function not implemented: __itt_id_create_ex
45917 : 0x5a3475c99b78 : 2 : ittapi_config_apply_per_lib :  ITTAPI function not implemented: __itt_id_destroy_ex
45917 : 0x5a3475c9a950 : 2 : ittapi_config_apply_per_lib :  ITTAPI function not implemented: __itt_task_begin_ex
45917 : 0x5a3475c9b549 : 2 : ittapi_config_apply_per_lib :  ITTAPI function not implemented: __itt_task_begin_fn_ex
45917 : 0x5a3475c9c137 : 2 : ittapi_config_apply_per_lib :  ITTAPI function not implemented: __itt_task_end_ex
45917 : 0x5a3475c9ccd9 : 2 : ittapi_config_apply_per_lib :  ITTAPI function instrumented: __itt_task_begin_overlapped
45917 : 0x5a3475c9d87d : 2 : ittapi_config_apply_per_lib :  ITTAPI function not implemented: __itt_task_begin_overlapped_ex
45917 : 0x5a3475c9e394 : 2 : ittapi_config_apply_per_lib :  ITTAPI function instrumented: __itt_task_end_overlapped
45917 : 0x5a3475c9ef17 : 2 : ittapi_config_apply_per_lib :  ITTAPI function not implemented: __itt_task_end_overlapped_ex
45917 : 0x5a3475c9facb : 2 : ittapi_config_apply_per_lib :  ITTAPI function not implemented: __itt_marker_ex
45917 : 0x5a3475ca07ab : 2 : ittapi_config_apply_per_lib :  ITTAPI function not implemented: __itt_metadata_add_with_scope
45917 : 0x5a3475ca62ae : 2 : ittapi_config_apply_per_lib :  ITTAPI function not implemented: __itt_metadata_str_add_with_scope
45917 : 0x5a3475ca6ff9 : 2 : ittapi_config_apply_per_lib :  ITTAPI function not implemented: __itt_relation_add_to_current_ex
45917 : 0x5a3475ca7ba1 : 2 : ittapi_config_apply_per_lib :  ITTAPI function not implemented: __itt_relation_add_ex
45917 : 0x5a3475ca881c : 2 : ittapi_config_apply_per_lib :  ITTAPI function not implemented: __itt_track_group_create
45917 : 0x5a3475ca9386 : 2 : ittapi_config_apply_per_lib :  ITTAPI function not implemented: __itt_track_create
45917 : 0x5a3475ca9f26 : 2 : ittapi_config_apply_per_lib :  ITTAPI function not implemented: __itt_set_track
45917 : 0x5a3475caaa71 : 2 : ittapi_config_apply_per_lib :  ITTAPI function instrumented: __itt_api_version
45917 : 0x5a3475cab647 : 2 : ittapi_config_apply_per_lib :  ITTAPI function not implemented: __itt_av_save
45917 : 0x5a3475cac176 : 2 : ittapi_config_apply_per_lib :  ITTAPI function instrumented: __itt_module_load
45917 : 0x5a3475cacd85 : 2 : ittapi_config_apply_per_lib :  ITTAPI function not implemented: __itt_module_unload
45917 : 0x5a3475cb20b3 : 2 : ittapi_config_apply_per_lib :  ITTAPI function NOT instrumented (not matched by --itt-config option): __itt_histogram_submit

45917 : 0x5a3494a388b6 : 2 : ittapi_config_mask_get :  --itt-config mask to be applied: 55
45917 : 0x5a3494a3bb64 : 2 : ittapi_config_apply_per_lib :  ITTAPI function instrumented: __itt_domain_create
45917 : 0x5a3494a3ccf4 : 2 : ittapi_config_apply_per_lib :  ITTAPI function instrumented: __itt_module_load_with_sections
45917 : 0x5a3494a3de96 : 2 : ittapi_config_apply_per_lib :  ITTAPI function not implemented: __itt_module_unload_with_sections
45917 : 0x5a3494a3ed32 : 2 : ittapi_config_apply_per_lib :  ITTAPI function instrumented: __itt_string_handle_create
45917 : 0x5a3494a3f951 : 2 : ittapi_config_apply_per_lib :  ITTAPI function instrumented: __itt_counter_create
45917 : 0x5a3494a40519 : 2 : ittapi_config_apply_per_lib :  ITTAPI function instrumented: __itt_counter_create_typed
45917 : 0x5a3494a41123 : 2 : ittapi_config_apply_per_lib :  ITTAPI function instrumented: __itt_pause
45917 : 0x5a3494a41d4c : 2 : ittapi_config_apply_per_lib :  ITTAPI function instrumented: __itt_resume
45917 : 0x5a3494a529b6 : 2 : ittapi_config_apply_per_lib :  ITTAPI function not implemented: __itt_pause_scoped
45917 : 0x5a3494a53a93 : 2 : ittapi_config_apply_per_lib :  ITTAPI function not implemented: __itt_resume_scoped
45917 : 0x5a3494a547c2 : 2 : ittapi_config_apply_per_lib :  ITTAPI function instrumented: __itt_thread_set_name
45917 : 0x5a3494a553fd : 2 : ittapi_config_apply_per_lib :  ITTAPI function instrumented: __itt_thread_ignore
45917 : 0x5a3494a55f15 : 2 : ittapi_config_apply_per_lib :  ITTAPI function instrumented: __itt_thr_name_set
45917 : 0x5a3494a56ab9 : 2 : ittapi_config_apply_per_lib :  ITTAPI function instrumented: __itt_thr_ignore
45917 : 0x5a3494a57637 : 2 : ittapi_config_apply_per_lib :  ITTAPI function instrumented: __itt_histogram_create
45917 : 0x5a3494a5812f : 2 : ittapi_config_apply_per_lib :  ITTAPI function instrumented: __itt_counter_create_v3
45917 : 0x5a3494a58d54 : 2 : ittapi_config_apply_per_lib :  ITTAPI function instrumented: __itt_bind_context_metadata_to_counter
45917 : 0x5a3494a59b47 : 2 : ittapi_config_apply_per_lib :  ITTAPI function not implemented: __itt_enable_attach
45917 : 0x5a3494a6476f : 2 : ittapi_config_apply_per_lib :  ITTAPI function instrumented: __itt_detach
45917 : 0x5a3494a6564e : 2 : ittapi_config_apply_per_lib :  ITTAPI function NOT instrumented (not matched by --itt-config option): __itt_sync_create

45917 : 0x5a3494a6611a : 2 : ittapi_config_apply_per_lib :  ITTAPI function NOT instrumented (not matched by --itt-config option): __itt_sync_rename

45917 : 0x5a3494a66ad2 : 2 : ittapi_config_apply_per_lib :  ITTAPI function NOT instrumented (not matched by --itt-config option): __itt_sync_destroy

45917 : 0x5a3494a674e4 : 2 : ittapi_config_apply_per_lib :  ITTAPI function NOT instrumented (not matched by --itt-config option): __itt_sync_prepare

45917 : 0x5a3494a67e96 : 2 : ittapi_config_apply_per_lib :  ITTAPI function NOT instrumented (not matched by --itt-config option): __itt_sync_cancel

45917 : 0x5a3494a687fd : 2 : ittapi_config_apply_per_lib :  ITTAPI function NOT instrumented (not matched by --itt-config option): __itt_sync_acquired

45917 : 0x5a3494a6919f : 2 : ittapi_config_apply_per_lib :  ITTAPI function NOT instrumented (not matched by --itt-config option): __itt_sync_releasing

45917 : 0x5a3494a6a023 : 2 : ittapi_config_apply_per_lib :  ITTAPI function not implemented: __itt_suppress_push
45917 : 0x5a3494a6ae1b : 2 : ittapi_config_apply_per_lib :  ITTAPI function not implemented: __itt_suppress_pop
45917 : 0x5a3494a70a48 : 2 : ittapi_config_apply_per_lib :  ITTAPI function not implemented: __itt_suppress_mark_range
45917 : 0x5a3494a718ae : 2 : ittapi_config_apply_per_lib :  ITTAPI function not implemented: __itt_suppress_clear_range
45917 : 0x5a3494a7223d : 2 : ittapi_config_apply_per_lib :  ITTAPI function NOT instrumented (not matched by --itt-config option): __itt_sync_prepare

45917 : 0x5a3494a72ba1 : 2 : ittapi_config_apply_per_lib :  ITTAPI function NOT instrumented (not matched by --itt-config option): __itt_sync_cancel

45917 : 0x5a3494a734ab : 2 : ittapi_config_apply_per_lib :  ITTAPI function NOT instrumented (not matched by --itt-config option): __itt_sync_acquired

45917 : 0x5a3494a73dce : 2 : ittapi_config_apply_per_lib :  ITTAPI function NOT instrumented (not matched by --itt-config option): __itt_sync_releasing

45917 : 0x5a3494a747a8 : 2 : ittapi_config_apply_per_lib :  ITTAPI function NOT instrumented (not matched by --itt-config option): __itt_model_site_begin

45917 : 0x5a3494a751bf : 2 : ittapi_config_apply_per_lib :  ITTAPI function NOT instrumented (not matched by --itt-config option): __itt_model_site_end

45917 : 0x5a3494a75bdb : 2 : ittapi_config_apply_per_lib :  ITTAPI function NOT instrumented (not matched by --itt-config option): __itt_model_task_begin

45917 : 0x5a3494a765f4 : 2 : ittapi_config_apply_per_lib :  ITTAPI function NOT instrumented (not matched by --itt-config option): __itt_model_task_end

45917 : 0x5a3494a7ba2f : 2 : ittapi_config_apply_per_lib :  ITTAPI function NOT instrumented (not matched by --itt-config option): __itt_model_lock_acquire

45917 : 0x5a3494a7c623 : 2 : ittapi_config_apply_per_lib :  ITTAPI function NOT instrumented (not matched by --itt-config option): __itt_model_lock_release

45917 : 0x5a3494a7d072 : 2 : ittapi_config_apply_per_lib :  ITTAPI function NOT instrumented (not matched by --itt-config option): __itt_model_record_allocation

45917 : 0x5a3494a7d975 : 2 : ittapi_config_apply_per_lib :  ITTAPI function NOT instrumented (not matched by --itt-config option): __itt_model_record_deallocation

45917 : 0x5a3494a7e283 : 2 : ittapi_config_apply_per_lib :  ITTAPI function NOT instrumented (not matched by --itt-config option): __itt_model_induction_uses

45917 : 0x5a3494a7eb65 : 2 : ittapi_config_apply_per_lib :  ITTAPI function NOT instrumented (not matched by --itt-config option): __itt_model_reduction_uses

45917 : 0x5a3494a7f462 : 2 : ittapi_config_apply_per_lib :  ITTAPI function NOT instrumented (not matched by --itt-config option): __itt_model_observe_uses

45917 : 0x5a3494a7fd44 : 2 : ittapi_config_apply_per_lib :  ITTAPI function NOT instrumented (not matched by --itt-config option): __itt_model_clear_uses

45917 : 0x5a3494a8061c : 2 : ittapi_config_apply_per_lib :  ITTAPI function NOT instrumented (not matched by --itt-config option): __itt_model_site_beginA

45917 : 0x5a3494a80ee8 : 2 : ittapi_config_apply_per_lib :  ITTAPI function NOT instrumented (not matched by --itt-config option): __itt_model_site_beginAL

45917 : 0x5a3494a87c1e : 2 : ittapi_config_apply_per_lib :  ITTAPI function NOT instrumented (not matched by --itt-config option): __itt_model_task_beginA

45917 : 0x5a3494a886d4 : 2 : ittapi_config_apply_per_lib :  ITTAPI function NOT instrumented (not matched by --itt-config option): __itt_model_task_beginAL

45917 : 0x5a3494a88fe8 : 2 : ittapi_config_apply_per_lib :  ITTAPI function NOT instrumented (not matched by --itt-config option): __itt_model_iteration_taskA

45917 : 0x5a3494a898f1 : 2 : ittapi_config_apply_per_lib :  ITTAPI function NOT instrumented (not matched by --itt-config option): __itt_model_iteration_taskAL

45917 : 0x5a3494a8a1f3 : 2 : ittapi_config_apply_per_lib :  ITTAPI function NOT instrumented (not matched by --itt-config option): __itt_model_site_end_2

45917 : 0x5a3494a8aae1 : 2 : ittapi_config_apply_per_lib :  ITTAPI function NOT instrumented (not matched by --itt-config option): __itt_model_task_end_2

45917 : 0x5a3494a8b3ca : 2 : ittapi_config_apply_per_lib :  ITTAPI function NOT instrumented (not matched by --itt-config option): __itt_model_lock_acquire_2

45917 : 0x5a3494a8bcd2 : 2 : ittapi_config_apply_per_lib :  ITTAPI function NOT instrumented (not matched by --itt-config option): __itt_model_lock_release_2

45917 : 0x5a3494a8c5b2 : 2 : ittapi_config_apply_per_lib :  ITTAPI function NOT instrumented (not matched by --itt-config option): __itt_model_aggregate_task

45917 : 0x5a3494a8ceab : 2 : ittapi_config_apply_per_lib :  ITTAPI function NOT instrumented (not matched by --itt-config option): __itt_model_disable_push

45917 : 0x5a3494a91f96 : 2 : ittapi_config_apply_per_lib :  ITTAPI function NOT instrumented (not matched by --itt-config option): __itt_model_disable_pop

45917 : 0x5a3494a92d69 : 2 : ittapi_config_apply_per_lib :  ITTAPI function instrumented: __itt_heap_function_create
45917 : 0x5a3494a93953 : 2 : ittapi_config_apply_per_lib :  ITTAPI function instrumented: __itt_heap_allocate_begin
45917 : 0x5a3494a94440 : 2 : ittapi_config_apply_per_lib :  ITTAPI function instrumented: __itt_heap_allocate_end
45917 : 0x5a3494a94e99 : 2 : ittapi_config_apply_per_lib :  ITTAPI function instrumented: __itt_heap_free_begin
45917 : 0x5a3494a95959 : 2 : ittapi_config_apply_per_lib :  ITTAPI function instrumented: __itt_heap_free_end
45917 : 0x5a3494a964a4 : 2 : ittapi_config_apply_per_lib :  ITTAPI function instrumented: __itt_heap_reallocate_begin
45917 : 0x5a3494a96ef9 : 2 : ittapi_config_apply_per_lib :  ITTAPI function instrumented: __itt_heap_reallocate_end
45917 : 0x5a3494a97c42 : 2 : ittapi_config_apply_per_lib :  ITTAPI function not implemented: __itt_heap_internal_access_begin
45917 : 0x5a3494a988d4 : 2 : ittapi_config_apply_per_lib :  ITTAPI function not implemented: __itt_heap_internal_access_end
45917 : 0x5a3494a9e00b : 2 : ittapi_config_apply_per_lib :  ITTAPI function not implemented: __itt_heap_record_memory_growth_begin
45917 : 0x5a3494a9ed66 : 2 : ittapi_config_apply_per_lib :  ITTAPI function not implemented: __itt_heap_record_memory_growth_end
45917 : 0x5a3494a9f9e2 : 2 : ittapi_config_apply_per_lib :  ITTAPI function not implemented: __itt_heap_reset_detection
45917 : 0x5a3494aa06cc : 2 : ittapi_config_apply_per_lib :  ITTAPI function not implemented: __itt_heap_record
45917 : 0x5a3494aa1380 : 2 : ittapi_config_apply_per_lib :  ITTAPI function not implemented: __itt_id_create
45917 : 0x5a3494aa20c9 : 2 : ittapi_config_apply_per_lib :  ITTAPI function not implemented: __itt_id_destroy
45917 : 0x5a3494aa2cb6 : 2 : ittapi_config_apply_per_lib :  ITTAPI function instrumented: __itt_get_timestamp
45917 : 0x5a3494aa38db : 2 : ittapi_config_apply_per_lib :  ITTAPI function not implemented: __itt_region_begin
45917 : 0x5a3494aa45a9 : 2 : ittapi_config_apply_per_lib :  ITTAPI function not implemented: __itt_region_end
45917 : 0x5a3494aa5104 : 2 : ittapi_config_apply_per_lib :  ITTAPI function instrumented: __itt_frame_begin_v3
45917 : 0x5a3494aad9e2 : 2 : ittapi_config_apply_per_lib :  ITTAPI function instrumented: __itt_frame_end_v3
45917 : 0x5a3494aae678 : 2 : ittapi_config_apply_per_lib :  ITTAPI function instrumented: __itt_frame_submit_v3
45917 : 0x5a3494aaf410 : 2 : ittapi_config_apply_per_lib :  ITTAPI function not implemented: __itt_task_group
45917 : 0x5a3494ab0029 : 2 : ittapi_config_apply_per_lib :  ITTAPI function instrumented: __itt_task_begin
45917 : 0x5a3494ab0bb6 : 2 : ittapi_config_apply_per_lib :  ITTAPI function instrumented: __itt_task_begin_fn
45917 : 0x5a3494ab1854 : 2 : ittapi_config_apply_per_lib :  ITTAPI function instrumented: __itt_task_end
45917 : 0x5a3494ab2524 : 2 : ittapi_config_apply_per_lib :  ITTAPI function not implemented: __itt_counter_inc_v3
45917 : 0x5a3494ab31fd : 2 : ittapi_config_apply_per_lib :  ITTAPI function not implemented: __itt_counter_inc_delta_v3
45917 : 0x5a3494ab3eb7 : 2 : ittapi_config_apply_per_lib :  ITTAPI function not implemented: __itt_counter_dec_v3
45917 : 0x5a3494ab4aea : 2 : ittapi_config_apply_per_lib :  ITTAPI function not implemented: __itt_counter_dec_delta_v3
45917 : 0x5a3494aba67f : 2 : ittapi_config_apply_per_lib :  ITTAPI function not implemented: __itt_marker
45917 : 0x5a3494abb458 : 2 : ittapi_config_apply_per_lib :  ITTAPI function instrumented: __itt_metadata_add
45917 : 0x5a3494abc11a : 2 : ittapi_config_apply_per_lib :  ITTAPI function not implemented: __itt_metadata_str_add
45917 : 0x5a3494abcdce : 2 : ittapi_config_apply_per_lib :  ITTAPI function not implemented: __itt_relation_add_to_current
45917 : 0x5a3494abda9a : 2 : ittapi_config_apply_per_lib :  ITTAPI function not implemented: __itt_relation_add
45917 : 0x5a3494abe59b : 2 : ittapi_config_apply_per_lib :  ITTAPI function instrumented: __itt_event_create
45917 : 0x5a3494abf0f6 : 2 : ittapi_config_apply_per_lib :  ITTAPI function instrumented: __itt_event_start
45917 : 0x5a3494abfc2b : 2 : ittapi_config_apply_per_lib :  ITTAPI function instrumented: __itt_event_end
45917 : 0x5a3494ac0631 : 2 : ittapi_config_apply_per_lib :  ITTAPI function NOT instrumented (not matched by --itt-config option): __itt_sync_set_name

45917 : 0x5a3494ac1095 : 2 : ittapi_config_apply_per_lib :  ITTAPI function NOT instrumented (not matched by --itt-config option): __itt_notify_sync_name

45917 : 0x5a3494ac63db : 2 : ittapi_config_apply_per_lib :  ITTAPI function NOT instrumented (not matched by --itt-config option): __itt_notify_sync_prepare

45917 : 0x5a3494ac6f43 : 2 : ittapi_config_apply_per_lib :  ITTAPI function NOT instrumented (not matched by --itt-config option): __itt_notify_sync_cancel

45917 : 0x5a3494ac78ea : 2 : ittapi_config_apply_per_lib :  ITTAPI function NOT instrumented (not matched by --itt-config option): __itt_notify_sync_acquired

45917 : 0x5a3494ac8256 : 2 : ittapi_config_apply_per_lib :  ITTAPI function NOT instrumented (not matched by --itt-config option): __itt_notify_sync_releasing

45917 : 0x5a3494ac8fe9 : 2 : ittapi_config_apply_per_lib :  ITTAPI function not implemented: __itt_memory_read
45917 : 0x5a3494ac9c49 : 2 : ittapi_config_apply_per_lib :  ITTAPI function not implemented: __itt_memory_write
45917 : 0x5a3494aca8f5 : 2 : ittapi_config_apply_per_lib :  ITTAPI function not implemented: __itt_memory_update
45917 : 0x5a3494acb56a : 2 : ittapi_config_apply_per_lib :  ITTAPI function not implemented: __itt_state_get
45917 : 0x5a3494acc173 : 2 : ittapi_config_apply_per_lib :  ITTAPI function not implemented: __itt_state_set
45917 : 0x5a3494accdea : 2 : ittapi_config_apply_per_lib :  ITTAPI function not implemented: __itt_obj_mode_set
45917 : 0x5a3494ad41ec : 2 : ittapi_config_apply_per_lib :  ITTAPI function not implemented: __itt_thr_mode_set
45917 : 0x5a3494ad4ec6 : 2 : ittapi_config_apply_per_lib :  ITTAPI function instrumented: __itt_frame_create
45917 : 0x5a3494ad59a3 : 2 : ittapi_config_apply_per_lib :  ITTAPI function instrumented: __itt_pt_region_create
45917 : 0x5a3494ad659d : 2 : ittapi_config_apply_per_lib :  ITTAPI function instrumented: __itt_frame_begin
45917 : 0x5a3494ad70d4 : 2 : ittapi_config_apply_per_lib :  ITTAPI function instrumented: __itt_frame_end
45917 : 0x5a3494ad7d48 : 2 : ittapi_config_apply_per_lib :  ITTAPI function not implemented: __itt_counter_destroy
45917 : 0x5a3494ad88e1 : 2 : ittapi_config_apply_per_lib :  ITTAPI function instrumented: __itt_counter_inc
45917 : 0x5a3494ad9445 : 2 : ittapi_config_apply_per_lib :  ITTAPI function instrumented: __itt_counter_inc_delta
45917 : 0x5a3494ad9f13 : 2 : ittapi_config_apply_per_lib :  ITTAPI function instrumented: __itt_counter_dec
45917 : 0x5a3494adaa9c : 2 : ittapi_config_apply_per_lib :  ITTAPI function instrumented: __itt_counter_dec_delta
45917 : 0x5a3494ae0174 : 2 : ittapi_config_apply_per_lib :  ITTAPI function instrumented: __itt_counter_set_value
45917 : 0x5a3494ae0f75 : 2 : ittapi_config_apply_per_lib :  ITTAPI function not implemented: __itt_counter_set_value_ex
45917 : 0x5a3494ae1bae : 2 : ittapi_config_apply_per_lib :  ITTAPI function not implemented: __itt_mark_create
45917 : 0x5a3494ae27ed : 2 : ittapi_config_apply_per_lib :  ITTAPI function not implemented: __itt_mark
45917 : 0x5a3494ae3477 : 2 : ittapi_config_apply_per_lib :  ITTAPI function not implemented: __itt_mark_off
45917 : 0x5a3494ae4143 : 2 : ittapi_config_apply_per_lib :  ITTAPI function not implemented: __itt_mark_global
45917 : 0x5a3494ae4de5 : 2 : ittapi_config_apply_per_lib :  ITTAPI function not implemented: __itt_mark_global_off
45917 : 0x5a3494ae5aa3 : 2 : ittapi_config_apply_per_lib :  ITTAPI function instrumented: __itt_stack_caller_create
45917 : 0x5a3494ae66b6 : 2 : ittapi_config_apply_per_lib :  ITTAPI function instrumented: __itt_stack_caller_destroy
45917 : 0x5a3494ae723b : 2 : ittapi_config_apply_per_lib :  ITTAPI function instrumented: __itt_stack_callee_enter
45917 : 0x5a3494aec56c : 2 : ittapi_config_apply_per_lib :  ITTAPI function instrumented: __itt_stack_callee_leave
45917 : 0x5a3494aed286 : 2 : ittapi_config_apply_per_lib :  ITTAPI function not implemented: __itt_clock_domain_create
45917 : 0x5a3494aedf75 : 2 : ittapi_config_apply_per_lib :  ITTAPI function not implemented: __itt_clock_domain_reset
45917 : 0x5a3494aeebe2 : 2 : ittapi_config_apply_per_lib :  ITTAPI function not implemented: __itt_id_create_ex
45917 : 0x5a3494aef83a : 2 : ittapi_config_apply_per_lib :  ITTAPI function not implemented: __itt_id_destroy_ex
45917 : 0x5a3494af047d : 2 : ittapi_config_apply_per_lib :  ITTAPI function not implemented: __itt_task_begin_ex
45917 : 0x5a3494af1069 : 2 : ittapi_config_apply_per_lib :  ITTAPI function not implemented: __itt_task_begin_fn_ex
45917 : 0x5a3494af1c9e : 2 : ittapi_config_apply_per_lib :  ITTAPI function not implemented: __itt_task_end_ex
45917 : 0x5a3494af284e : 2 : ittapi_config_apply_per_lib :  ITTAPI function instrumented: __itt_task_begin_overlapped
45917 : 0x5a3494af3479 : 2 : ittapi_config_apply_per_lib :  ITTAPI function not implemented: __itt_task_begin_overlapped_ex
45917 : 0x5a3494af8f7f : 2 : ittapi_config_apply_per_lib :  ITTAPI function instrumented: __itt_task_end_overlapped
45917 : 0x5a3494af9ded : 2 : ittapi_config_apply_per_lib :  ITTAPI function not implemented: __itt_task_end_overlapped_ex
45917 : 0x5a3494afaa8d : 2 : ittapi_config_apply_per_lib :  ITTAPI function not implemented: __itt_marker_ex
45917 : 0x5a3494afb785 : 2 : ittapi_config_apply_per_lib :  ITTAPI function not implemented: __itt_metadata_add_with_scope
45917 : 0x5a3494afc3e1 : 2 : ittapi_config_apply_per_lib :  ITTAPI function not implemented: __itt_metadata_str_add_with_scope
45917 : 0x5a3494afd034 : 2 : ittapi_config_apply_per_lib :  ITTAPI function not implemented: __itt_relation_add_to_current_ex
45917 : 0x5a3494afdc2e : 2 : ittapi_config_apply_per_lib :  ITTAPI function not implemented: __itt_relation_add_ex
45917 : 0x5a3494afe87e : 2 : ittapi_config_apply_per_lib :  ITTAPI function not implemented: __itt_track_group_create
45917 : 0x5a3494aff411 : 2 : ittapi_config_apply_per_lib :  ITTAPI function not implemented: __itt_track_create
45917 : 0x5a3494b00004 : 2 : ittapi_config_apply_per_lib :  ITTAPI function not implemented: __itt_set_track
45917 : 0x5a3494b070a0 : 2 : ittapi_config_apply_per_lib :  ITTAPI function instrumented: __itt_api_version
45917 : 0x5a3494b07ebd : 2 : ittapi_config_apply_per_lib :  ITTAPI function not implemented: __itt_av_save
45917 : 0x5a3494b08a51 : 2 : ittapi_config_apply_per_lib :  ITTAPI function instrumented: __itt_module_load
45917 : 0x5a3494b096bd : 2 : ittapi_config_apply_per_lib :  ITTAPI function not implemented: __itt_module_unload
45917 : 0x5a3494b0a03a : 2 : ittapi_config_apply_per_lib :  ITTAPI function NOT instrumented (not matched by --itt-config option): __itt_histogram_submit

45917 : 0x5a3494b0ab9f : 2 : ittapi_config_apply_per_lib :  ITTAPI function instrumented: __itt_counter_set_value_v3