0 [135862815954752] INFO perfrun.launcher <> - Launcher main begin
1 [135862815954752] INFO perfrun.launcher <> - MessageCatalogInit finished
1 [135862815954752] INFO perfrun.launcher <> - Launcher instance created
1 [135862815954752] INFO perfrun.launcher <> - argc = 7; cmdline = /opt/intel/oneapi/vtune/2024.1/bin64/amplxe-runss --ui-output-format xml --ui-output-fd 5 --option-file /home/igor/Documents/Filtro_OPSD/Shared_Mem_OPSD/vtune_results/config/runss.options 
28 [135862815954752] INFO perfrun.launcher <> - create msngr2::ICliToolContext
28 [135862815954752] INFO perfrun.launcher <> - create file finder object
28 [135862815954752] INFO perfrun.launcher <> - create a result directory: pattern = /home/igor/Documents/Filtro_OPSD/Shared_Mem_OPSD/vtune_results pid = 4294967295
29 [135862815954752] INFO perfrun.sdk <> - checked that the directory /home/igor/Documents/Filtro_OPSD/Shared_Mem_OPSD/vtune_results is a local directory
29 [135862815954752] INFO perfrun.sdk <> - the directory /home/igor/Documents/Filtro_OPSD/Shared_Mem_OPSD/vtune_results is a local directory with FS type ID 61267
29 [135862815954752] INFO perfrun.launcher <> - create data directory = /home/igor/Documents/Filtro_OPSD/Shared_Mem_OPSD/vtune_results/data.0
29 [135862815954752] INFO perfrun.launcher <> - Creating the master collection flag
68 [135862815954752] INFO perfrun.launcher <> - Done creating the master collection flag
69 [135862660621888] INFO perfrun.launcher <> - plugin [remoteplug] was disabled because it doesn't support the given collection type.
69 [135862660621888] INFO perfrun.sdk <> - Allocating TMU :/home/igor/Documents/Filtro_OPSD/Shared_Mem_OPSD/vtune_results/data.0/systemcollector-45907-igor-OptiPlex-3070.sc
69 [135862660621888] INFO perfrun.system <> - Tpss based collection
69 [135862660621888] INFO perfrun.launcher <> - plugin [ptracecollector] was disabled because it doesn't support the given collection type.
69 [135862660621888] INFO perfrun.launcher <> - plugin [gpu] was disabled because it doesn't support the given collection type.
69 [135862660621888] INFO perfrun.launcher <> - plugin [] was disabled because it doesn't support the given collection type.
69 [135862660621888] INFO perfrun.launcher <> - plugin [] was disabled because it doesn't support the given collection type.
69 [135862660621888] INFO perfrun.launcher <> - plugin [] was disabled because it doesn't support the given collection type.
69 [135862660621888] INFO perfrun.mrte <> - system-wide mode is 0
69 [135862660621888] INFO perfrun.mrte <> - Getting  mrte profiling environment ...
76 [135862660621888] INFO perfrun.mrte <> - INTEL_MRTE_DATA_DIR=/home/igor/Documents/Filtro_OPSD/Shared_Mem_OPSD/vtune_results/data.0
76 [135862660621888] INFO perfrun.mrte <> - INTEL_MRTE_HOST_NAME=igor-OptiPlex-3070
76 [135862660621888] INFO perfrun.mrte <> - JAVA_TOOL_OPTIONS=-agentlib:amplxe_tpssmrte_javaprof_1.0 -Dsun.boot.library.path=/opt/intel/oneapi/vtune/2024.1/lib32/runtime:/opt/intel/oneapi/vtune/2024.1/lib64/runtime
76 [135862660621888] INFO perfrun.mrte <> - LD_LIBRARY_PATH=/opt/intel/oneapi/vtune/2024.1/lib32/runtime:/opt/intel/oneapi/vtune/2024.1/lib64/runtime:/opt/intel/oneapi/tbb/2021.12/env/../lib/intel64/gcc4.8:/opt/intel/oneapi/mpi/2021.12/opt/mpi/libfabric/lib:/opt/intel/oneapi/mpi/2021.12/lib:/opt/intel/oneapi/mkl/2024.1/lib:/opt/intel/oneapi/ippcp/2021.11/lib/:/opt/intel/oneapi/ipp/2021.11/lib:/opt/intel/oneapi/dpl/2022.5/lib:/opt/intel/oneapi/dnnl/2024.1/lib:/opt/intel/oneapi/debugger/2024.1/opt/debugger/lib:/opt/intel/oneapi/dal/2024.2/lib:/opt/intel/oneapi/compiler/2024.1/opt/oclfpga/host/linux64/lib:/opt/intel/oneapi/compiler/2024.1/opt/compiler/lib:/opt/intel/oneapi/compiler/2024.1/lib:/opt/intel/oneapi/ccl/2021.12/lib/
76 [135862660621888] INFO perfrun.mrte <> - CORECLR_ENABLE_PROFILING=1
76 [135862660621888] INFO perfrun.mrte <> - CORECLR_PROFILER={AA5E4821-E3B1-479c-B7FF-5AD047D22CED}
76 [135862660621888] INFO perfrun.mrte <> - CORECLR_PROFILER_PATH=/opt/intel/oneapi/vtune/2024.1/lib64/libamplxe_samplingmrte_clrprof_1.0.so
76 [135862660621888] INFO perfrun.mrte <> - INTEL_MRTE_PROFILER_MODE=mixed
76 [135862660621888] INFO perfrun.mrte <> - Data directory: /home/igor/Documents/Filtro_OPSD/Shared_Mem_OPSD/vtune_results/data.0
76 [135862660621888] INFO perfrun.mrte <> - Mrte plugin is initialized
76 [135862660621888] INFO perfrun.launcher <> - plugin [emon] was disabled because it doesn't support the given collection type.
76 [135862660621888] INFO perfrun.launcher <> - plugin [cuscol] was disabled because it doesn't support the given collection type.
76 [135862660621888] INFO perfrun.launcher <> - plugin [stdsrc] was disabled because it doesn't support the given collection type.
76 [135862660621888] INFO perfrun.launcher <> - plugin [sep] was disabled because it doesn't support the given collection type.
76 [135862660621888] INFO perfrun.launcher <> - plugin [vtsspp] was disabled because it doesn't support the given collection type.
76 [135862660621888] INFO perfrun.perfcollector <> - Platform type = 122
76 [135862660621888] INFO perfrun.sdk <> - Reading value (0) from file: /proc/sys/kernel/perf_event_paranoid
76 [135862660621888] INFO perfrun.perfcollector <> - checking access to: /opt/intel/oneapi/vtune/2024.1/bin64/amplxe-perf-priv
76 [135862660621888] INFO perfrun.perfcollector <> - dir found: /sys/bus/event_source/devices/software
76 [135862660621888] INFO perfrun.perfcollector <> - format: pmu format subdir doesn't exist
76 [135862660621888] INFO perfrun.perfcollector <> - hwInfo: not set, pmuFam: software
76 [135862660621888] INFO perfrun.perfcollector <> - pmu added: family: software, id: 0
76 [135862660621888] INFO perfrun.perfcollector <> - dir found: /sys/bus/event_source/devices/power
76 [135862660621888] INFO perfrun.perfcollector <> - format: event config:0-7 mask:0-7
76 [135862660621888] INFO perfrun.perfcollector <> - hwInfo: not set, pmuFam: power
76 [135862660621888] INFO perfrun.perfcollector <> - pmu added: family: power, id: 0
76 [135862660621888] INFO perfrun.perfcollector <> - dir found: /sys/bus/event_source/devices/uncore_cbox_4
76 [135862660621888] INFO perfrun.perfcollector <> - format: event config:0-7 mask:0-7
76 [135862660621888] INFO perfrun.perfcollector <> - format: edge config:18 mask:18
76 [135862660621888] INFO perfrun.perfcollector <> - format: inv config:23 mask:23
76 [135862660621888] INFO perfrun.perfcollector <> - format: umask config:8-15 mask:8-15
76 [135862660621888] INFO perfrun.perfcollector <> - format: cmask config:24-28 mask:24-28
76 [135862660621888] INFO perfrun.perfcollector <> - hwInfo: PERF_CBOX_PMU_DETAILS
76 [135862660621888] INFO perfrun.perfcollector <> - pmu added: family: uncore_cbox, id: 4
76 [135862660621888] INFO perfrun.perfcollector <> - dir found: /sys/bus/event_source/devices/uprobe
76 [135862660621888] INFO perfrun.perfcollector <> - format: ref_ctr_offset config:32-63 mask:32-63
76 [135862660621888] INFO perfrun.perfcollector <> - format: retprobe config:0 mask:0
76 [135862660621888] INFO perfrun.perfcollector <> - hwInfo: not set, pmuFam: uprobe
76 [135862660621888] INFO perfrun.perfcollector <> - pmu added: family: uprobe, id: 0
76 [135862660621888] INFO perfrun.perfcollector <> - dir found: /sys/bus/event_source/devices/uncore_imc
76 [135862660621888] INFO perfrun.perfcollector <> - format: event config:0-7 mask:0-7
77 [135862660621888] INFO perfrun.perfcollector <> - hwInfo: PERF_IMC_PMU_DETAILS
77 [135862660621888] INFO perfrun.perfcollector <> - pmu added: family: uncore_imc, id: 0
77 [135862660621888] INFO perfrun.perfcollector <> - dir found: /sys/bus/event_source/devices/cpu
77 [135862660621888] INFO perfrun.perfcollector <> - format: event config:0-7 mask:0-7
77 [135862660621888] INFO perfrun.perfcollector <> - format: pc config:19 mask:19
77 [135862660621888] INFO perfrun.perfcollector <> - format: edge config:18 mask:18
77 [135862660621888] INFO perfrun.perfcollector <> - format: any config:21 mask:21
77 [135862660621888] INFO perfrun.perfcollector <> - format: offcore_rsp config1:0-63 mask:0-63
77 [135862660621888] INFO perfrun.perfcollector <> - format: ldlat config1:0-15 mask:0-15
77 [135862660621888] INFO perfrun.perfcollector <> - format: inv config:23 mask:23
77 [135862660621888] INFO perfrun.perfcollector <> - format: umask config:8-15 mask:8-15
77 [135862660621888] INFO perfrun.perfcollector <> - format: frontend config1:0-23 mask:0-23
77 [135862660621888] INFO perfrun.perfcollector <> - format: cmask config:24-31 mask:24-31
77 [135862660621888] INFO perfrun.perfcollector <> - hwInfo: PERF_CPU_PMU_DETAILS
77 [135862660621888] INFO perfrun.perfcollector <> - pmu added: family: cpu, id: 0
77 [135862660621888] INFO perfrun.perfcollector <> - dir found: /sys/bus/event_source/devices/cstate_core
77 [135862660621888] INFO perfrun.perfcollector <> - format: event config:0-63 mask:0-63
77 [135862660621888] INFO perfrun.perfcollector <> - hwInfo: not set, pmuFam: cstate_core
77 [135862660621888] INFO perfrun.perfcollector <> - pmu added: family: cstate_core, id: 0
77 [135862660621888] INFO perfrun.perfcollector <> - dir found: /sys/bus/event_source/devices/uncore_cbox_2
77 [135862660621888] INFO perfrun.perfcollector <> - format: event config:0-7 mask:0-7
77 [135862660621888] INFO perfrun.perfcollector <> - format: edge config:18 mask:18
77 [135862660621888] INFO perfrun.perfcollector <> - format: inv config:23 mask:23
77 [135862660621888] INFO perfrun.perfcollector <> - format: umask config:8-15 mask:8-15
77 [135862660621888] INFO perfrun.perfcollector <> - format: cmask config:24-28 mask:24-28
77 [135862660621888] INFO perfrun.perfcollector <> - hwInfo: PERF_CBOX_PMU_DETAILS
77 [135862660621888] INFO perfrun.perfcollector <> - pmu added: family: uncore_cbox, id: 2
77 [135862660621888] INFO perfrun.perfcollector <> - dir found: /sys/bus/event_source/devices/breakpoint
77 [135862660621888] INFO perfrun.perfcollector <> - format: pmu format subdir doesn't exist
77 [135862660621888] INFO perfrun.perfcollector <> - hwInfo: not set, pmuFam: breakpoint
77 [135862660621888] INFO perfrun.perfcollector <> - pmu added: family: breakpoint, id: 0
77 [135862660621888] INFO perfrun.perfcollector <> - dir found: /sys/bus/event_source/devices/uncore_cbox_0
77 [135862660621888] INFO perfrun.perfcollector <> - format: event config:0-7 mask:0-7
77 [135862660621888] INFO perfrun.perfcollector <> - format: edge config:18 mask:18
77 [135862660621888] INFO perfrun.perfcollector <> - format: inv config:23 mask:23
77 [135862660621888] INFO perfrun.perfcollector <> - format: umask config:8-15 mask:8-15
77 [135862660621888] INFO perfrun.perfcollector <> - format: cmask config:24-28 mask:24-28
77 [135862660621888] INFO perfrun.perfcollector <> - hwInfo: PERF_CBOX_PMU_DETAILS
77 [135862660621888] INFO perfrun.perfcollector <> - pmu added: family: uncore_cbox, id: 0
77 [135862660621888] INFO perfrun.perfcollector <> - dir found: /sys/bus/event_source/devices/tracepoint
77 [135862660621888] INFO perfrun.perfcollector <> - format: pmu format subdir doesn't exist
77 [135862660621888] INFO perfrun.perfcollector <> - hwInfo: not set, pmuFam: tracepoint
77 [135862660621888] INFO perfrun.perfcollector <> - pmu added: family: tracepoint, id: 0
77 [135862660621888] INFO perfrun.perfcollector <> - dir found: /sys/bus/event_source/devices/cstate_pkg
77 [135862660621888] INFO perfrun.perfcollector <> - format: event config:0-63 mask:0-63
77 [135862660621888] INFO perfrun.perfcollector <> - hwInfo: not set, pmuFam: cstate_pkg
77 [135862660621888] INFO perfrun.perfcollector <> - pmu added: family: cstate_pkg, id: 0
77 [135862660621888] INFO perfrun.perfcollector <> - dir found: /sys/bus/event_source/devices/uncore_arb
77 [135862660621888] INFO perfrun.perfcollector <> - format: event config:0-7 mask:0-7
77 [135862660621888] INFO perfrun.perfcollector <> - format: edge config:18 mask:18
77 [135862660621888] INFO perfrun.perfcollector <> - format: inv config:23 mask:23
77 [135862660621888] INFO perfrun.perfcollector <> - format: umask config:8-15 mask:8-15
77 [135862660621888] INFO perfrun.perfcollector <> - format: cmask config:24-28 mask:24-28
78 [135862660621888] INFO perfrun.perfcollector <> - hwInfo: not set, pmuFam: uncore_arb
78 [135862660621888] INFO perfrun.perfcollector <> - pmu added: family: uncore_arb, id: 0
78 [135862660621888] INFO perfrun.perfcollector <> - dir found: /sys/bus/event_source/devices/kprobe
78 [135862660621888] INFO perfrun.perfcollector <> - format: retprobe config:0 mask:0
78 [135862660621888] INFO perfrun.perfcollector <> - hwInfo: not set, pmuFam: kprobe
78 [135862660621888] INFO perfrun.perfcollector <> - pmu added: family: kprobe, id: 0
78 [135862660621888] INFO perfrun.perfcollector <> - dir found: /sys/bus/event_source/devices/uncore_cbox_5
78 [135862660621888] INFO perfrun.perfcollector <> - format: event config:0-7 mask:0-7
78 [135862660621888] INFO perfrun.perfcollector <> - format: edge config:18 mask:18
78 [135862660621888] INFO perfrun.perfcollector <> - format: inv config:23 mask:23
78 [135862660621888] INFO perfrun.perfcollector <> - format: umask config:8-15 mask:8-15
78 [135862660621888] INFO perfrun.perfcollector <> - format: cmask config:24-28 mask:24-28
78 [135862660621888] INFO perfrun.perfcollector <> - hwInfo: PERF_CBOX_PMU_DETAILS
78 [135862660621888] INFO perfrun.perfcollector <> - pmu added: family: uncore_cbox, id: 5
78 [135862660621888] INFO perfrun.perfcollector <> - dir found: /sys/bus/event_source/devices/i915
78 [135862660621888] INFO perfrun.perfcollector <> - format: i915_eventid config:0-20 mask:0-20
78 [135862660621888] INFO perfrun.perfcollector <> - hwInfo: not set, pmuFam: i915
78 [135862660621888] INFO perfrun.perfcollector <> - pmu added: family: i915, id: 0
78 [135862660621888] INFO perfrun.perfcollector <> - dir found: /sys/bus/event_source/devices/msr
78 [135862660621888] INFO perfrun.perfcollector <> - format: event config:0-63 mask:0-63
78 [135862660621888] INFO perfrun.perfcollector <> - hwInfo: not set, pmuFam: msr
78 [135862660621888] INFO perfrun.perfcollector <> - pmu added: family: msr, id: 0
78 [135862660621888] INFO perfrun.perfcollector <> - dir found: /sys/bus/event_source/devices/uncore_cbox_3
78 [135862660621888] INFO perfrun.perfcollector <> - format: event config:0-7 mask:0-7
78 [135862660621888] INFO perfrun.perfcollector <> - format: edge config:18 mask:18
78 [135862660621888] INFO perfrun.perfcollector <> - format: inv config:23 mask:23
78 [135862660621888] INFO perfrun.perfcollector <> - format: umask config:8-15 mask:8-15
78 [135862660621888] INFO perfrun.perfcollector <> - format: cmask config:24-28 mask:24-28
78 [135862660621888] INFO perfrun.perfcollector <> - hwInfo: PERF_CBOX_PMU_DETAILS
78 [135862660621888] INFO perfrun.perfcollector <> - pmu added: family: uncore_cbox, id: 3
78 [135862660621888] INFO perfrun.perfcollector <> - dir found: /sys/bus/event_source/devices/intel_pt
78 [135862660621888] INFO perfrun.perfcollector <> - format: ptw config:12 mask:12
78 [135862660621888] INFO perfrun.perfcollector <> - format: event config:31 mask:31
78 [135862660621888] INFO perfrun.perfcollector <> - format: cyc_thresh config:19-22 mask:19-22
78 [135862660621888] INFO perfrun.perfcollector <> - format: pt config:0 mask:0
78 [135862660621888] INFO perfrun.perfcollector <> - format: notnt config:55 mask:55
78 [135862660621888] INFO perfrun.perfcollector <> - format: branch config:13 mask:13
78 [135862660621888] INFO perfrun.perfcollector <> - format: tsc config:10 mask:10
78 [135862660621888] INFO perfrun.perfcollector <> - format: pwr_evt config:4 mask:4
78 [135862660621888] INFO perfrun.perfcollector <> - format: fup_on_ptw config:5 mask:5
78 [135862660621888] INFO perfrun.perfcollector <> - format: cyc config:1 mask:1
78 [135862660621888] INFO perfrun.perfcollector <> - format: noretcomp config:11 mask:11
78 [135862660621888] INFO perfrun.perfcollector <> - format: mtc config:9 mask:9
78 [135862660621888] INFO perfrun.perfcollector <> - format: psb_period config:24-27 mask:24-27
78 [135862660621888] INFO perfrun.perfcollector <> - format: mtc_period config:14-17 mask:14-17
78 [135862660621888] INFO perfrun.perfcollector <> - hwInfo: not set, pmuFam: intel_pt
78 [135862660621888] INFO perfrun.perfcollector <> - pmu added: family: intel_pt, id: 0
78 [135862660621888] INFO perfrun.perfcollector <> - dir found: /sys/bus/event_source/devices/uncore_cbox_1
78 [135862660621888] INFO perfrun.perfcollector <> - format: event config:0-7 mask:0-7
79 [135862660621888] INFO perfrun.perfcollector <> - format: edge config:18 mask:18
79 [135862660621888] INFO perfrun.perfcollector <> - format: inv config:23 mask:23
79 [135862660621888] INFO perfrun.perfcollector <> - format: umask config:8-15 mask:8-15
79 [135862660621888] INFO perfrun.perfcollector <> - format: cmask config:24-28 mask:24-28
79 [135862660621888] INFO perfrun.perfcollector <> - hwInfo: PERF_CBOX_PMU_DETAILS
79 [135862660621888] INFO perfrun.perfcollector <> - pmu added: family: uncore_cbox, id: 1
79 [135862660621888] INFO perfrun.sdk <> - runCmd: /opt/intel/oneapi/vtune/2024.1/bin64/sep -dry-run -sam 1 -ec CPU_CLK_UNHALTED.THREAD,CPU_CLK_UNHALTED.REF_TSC:sample:sa=3000000,INST_RETIRED.ANY:sample:sa=3000000,CPU_CLK_UNHALTED.REF_XCLK,CPU_CLK_UNHALTED.ONE_THREAD_ACTIVE,FP_ARITH_INST_RETIRED.SCALAR_SINGLE,FP_ARITH_INST_RETIRED.128B_PACKED_SINGLE,FP_ARITH_INST_RETIRED.256B_PACKED_SINGLE,FP_ARITH_INST_RETIRED.SCALAR_DOUBLE,FP_ARITH_INST_RETIRED.128B_PACKED_DOUBLE,FP_ARITH_INST_RETIRED.256B_PACKED_DOUBLE,UOPS_EXECUTED.X87,UOPS_RETIRED.RETIRE_SLOTS:sample:sa=2000003,UOPS_EXECUTED.THREAD,FP_ARITH_INST_RETIRED.512B_PACKED_DOUBLE,FP_ARITH_INST_RETIRED.512B_PACKED_SINGLE -experimental
79 [135862660621888] INFO perfrun.sdk <> - runCmd started PID 45911
89 [135862660621888] INFO perfrun.perfcollector <> - SepDryRun RC = true
89 [135862660621888] INFO perfrun.perfcollector <> - DRY_RUN: "ERROR: Event FP_ARITH_INST_RETIRED.512B_PACKED_DOUBLE discarded since the event is invalid or the device does not exist"
89 [135862660621888] INFO perfrun.perfcollector <> - DRY_RUN: "ERROR: Event FP_ARITH_INST_RETIRED.512B_PACKED_SINGLE discarded since the event is invalid or the device does not exist"
89 [135862660621888] INFO perfrun.perfcollector <> - DRY_RUN: "PMU type: Core (core)"
89 [135862660621888] INFO perfrun.perfcollector <> - pmu type: cpu
89 [135862660621888] INFO perfrun.perfcollector <> - DRY_RUN: "Group 0:"
89 [135862660621888] INFO perfrun.perfcollector <> - id: 0
89 [135862660621888] INFO perfrun.perfcollector <> - DRY_RUN: "INST_RETIRED.ANY: event id 2"
89 [135862660621888] INFO perfrun.perfcollector <> - eventName: INST_RETIRED.ANY, eventId: 2
89 [135862660621888] INFO perfrun.perfcollector <> - DRY_RUN: "CPU_CLK_UNHALTED.THREAD: event id 0"
89 [135862660621888] INFO perfrun.perfcollector <> - eventName: CPU_CLK_UNHALTED.THREAD, eventId: 0
89 [135862660621888] INFO perfrun.perfcollector <> - DRY_RUN: "CPU_CLK_UNHALTED.REF_TSC: event id 1"
89 [135862660621888] INFO perfrun.perfcollector <> - eventName: CPU_CLK_UNHALTED.REF_TSC, eventId: 1
89 [135862660621888] INFO perfrun.perfcollector <> - DRY_RUN: "CPU_CLK_UNHALTED.REF_XCLK: event id 3"
89 [135862660621888] INFO perfrun.perfcollector <> - eventName: CPU_CLK_UNHALTED.REF_XCLK, eventId: 3
89 [135862660621888] INFO perfrun.perfcollector <> - DRY_RUN: "CPU_CLK_UNHALTED.ONE_THREAD_ACTIVE: event id 4"
89 [135862660621888] INFO perfrun.perfcollector <> - eventName: CPU_CLK_UNHALTED.ONE_THREAD_ACTIVE, eventId: 4
89 [135862660621888] INFO perfrun.perfcollector <> - DRY_RUN: "FP_ARITH_INST_RETIRED.SCALAR_SINGLE: event id 5"
89 [135862660621888] INFO perfrun.perfcollector <> - eventName: FP_ARITH_INST_RETIRED.SCALAR_SINGLE, eventId: 5
89 [135862660621888] INFO perfrun.perfcollector <> - DRY_RUN: "FP_ARITH_INST_RETIRED.128B_PACKED_SINGLE: event id 6"
89 [135862660621888] INFO perfrun.perfcollector <> - eventName: FP_ARITH_INST_RETIRED.128B_PACKED_SINGLE, eventId: 6
89 [135862660621888] INFO perfrun.perfcollector <> - DRY_RUN: "CCCR"
89 [135862660621888] INFO perfrun.perfcollector <> - DRY_RUN: "reg_type       = 1	event_id       = g	reg_id         = 38f	reg_value      = 70000000f"
89 [135862660621888] INFO perfrun.perfcollector <> - eventId: g, skip parsing event_id
89 [135862660621888] INFO perfrun.perfcollector <> - Register was ignored: group_id: 0, reg_type: 1, event_id: 4294967295, reg_id: 38f, reg_value: 70000000f, pmu_name: cpu
89 [135862660621888] INFO perfrun.perfcollector <> - DRY_RUN: "reg_type       = 1	event_id       = g	reg_id         = 390	reg_value      = 70000000f"
89 [135862660621888] INFO perfrun.perfcollector <> - eventId: g, skip parsing event_id
89 [135862660621888] INFO perfrun.perfcollector <> - Register was ignored: group_id: 0, reg_type: 1, event_id: 4294967295, reg_id: 390, reg_value: 70000000f, pmu_name: cpu
89 [135862660621888] INFO perfrun.perfcollector <> - DRY_RUN: "reg_type       = 1	event_id       = g	reg_id         = 3f1	reg_value      = 0"
89 [135862660621888] INFO perfrun.perfcollector <> - eventId: g, skip parsing event_id
89 [135862660621888] INFO perfrun.perfcollector <> - Register was ignored: group_id: 0, reg_type: 1, event_id: 4294967295, reg_id: 3f1, reg_value: 0, pmu_name: cpu
89 [135862660621888] INFO perfrun.perfcollector <> - DRY_RUN: "reg_type       = 1	event_id       = g	reg_id         = 1d9	reg_value      = 1800"
89 [135862660621888] INFO perfrun.perfcollector <> - eventId: g, skip parsing event_id
89 [135862660621888] INFO perfrun.perfcollector <> - Register was ignored: group_id: 0, reg_type: 1, event_id: 4294967295, reg_id: 1d9, reg_value: 1800, pmu_name: cpu
89 [135862660621888] INFO perfrun.perfcollector <> - DRY_RUN: "reg_type       = 1	event_id       = g	reg_id         = 38d	reg_value      = bbb"
89 [135862660621888] INFO perfrun.perfcollector <> - eventId: g, skip parsing event_id
89 [135862660621888] INFO perfrun.perfcollector <> - Register was ignored: group_id: 0, reg_type: 1, event_id: 4294967295, reg_id: 38d, reg_value: bbb, pmu_name: cpu
89 [135862660621888] INFO perfrun.perfcollector <> - DRY_RUN: "reg_type       = 1	event_id       = 3	reg_id         = 186	reg_value      = 53013c"
89 [135862660621888] INFO perfrun.perfcollector <> - Event selector: group_id: 0, reg_type: 1, event_id: 3, reg_id: 186, reg_value: 53013c, pmu_name: cpu
89 [135862660621888] INFO perfrun.perfcollector <> - DRY_RUN: "reg_type       = 1	event_id       = 4	reg_id         = 187	reg_value      = 53023c"
89 [135862660621888] INFO perfrun.perfcollector <> - Event selector: group_id: 0, reg_type: 1, event_id: 4, reg_id: 187, reg_value: 53023c, pmu_name: cpu
89 [135862660621888] INFO perfrun.perfcollector <> - DRY_RUN: "reg_type       = 1	event_id       = 5	reg_id         = 188	reg_value      = 5302c7"
89 [135862660621888] INFO perfrun.perfcollector <> - Event selector: group_id: 0, reg_type: 1, event_id: 5, reg_id: 188, reg_value: 5302c7, pmu_name: cpu
89 [135862660621888] INFO perfrun.perfcollector <> - DRY_RUN: "reg_type       = 1	event_id       = 6	reg_id         = 189	reg_value      = 5308c7"
89 [135862660621888] INFO perfrun.perfcollector <> - Event selector: group_id: 0, reg_type: 1, event_id: 6, reg_id: 189, reg_value: 5308c7, pmu_name: cpu
89 [135862660621888] INFO perfrun.perfcollector <> - DRY_RUN: "ESCR"
89 [135862660621888] INFO perfrun.perfcollector <> - DRY_RUN: "reg_type       = 2	event_id       = g	reg_id         = 1c8	reg_value      = 0"
89 [135862660621888] INFO perfrun.perfcollector <> - eventId: g, skip parsing event_id
89 [135862660621888] INFO perfrun.perfcollector <> - DRY_RUN: "DATA"
89 [135862660621888] INFO perfrun.perfcollector <> - DRY_RUN: "reg_type       = 4	event_id       = 2	reg_id         = 309	reg_value      = ffffffd23940"
89 [135862660621888] INFO perfrun.perfcollector <> - eventId: 2, dataAddr: 309, dataVal: ffffffd23940
89 [135862660621888] INFO perfrun.perfcollector <> - DRY_RUN: "reg_type       = 4	event_id       = 0	reg_id         = 30a	reg_value      = ffffffe17b7d"
89 [135862660621888] INFO perfrun.perfcollector <> - eventId: 0, dataAddr: 30a, dataVal: ffffffe17b7d
89 [135862660621888] INFO perfrun.perfcollector <> - DRY_RUN: "reg_type       = 4	event_id       = 1	reg_id         = 30b	reg_value      = ffffffd23940"
89 [135862660621888] INFO perfrun.perfcollector <> - eventId: 1, dataAddr: 30b, dataVal: ffffffd23940
89 [135862660621888] INFO perfrun.perfcollector <> - DRY_RUN: "reg_type       = 4	event_id       = 3	reg_id         = c1	reg_value      = ffffffff9e55"
89 [135862660621888] INFO perfrun.perfcollector <> - eventId: 3, dataAddr: c1, dataVal: ffffffff9e55
89 [135862660621888] INFO perfrun.perfcollector <> - DRY_RUN: "reg_type       = 4	event_id       = 4	reg_id         = c2	reg_value      = ffffffff9e55"
89 [135862660621888] INFO perfrun.perfcollector <> - eventId: 4, dataAddr: c2, dataVal: ffffffff9e55
89 [135862660621888] INFO perfrun.perfcollector <> - DRY_RUN: "reg_type       = 4	event_id       = 5	reg_id         = c3	reg_value      = ffffffe17b7d"
89 [135862660621888] INFO perfrun.perfcollector <> - eventId: 5, dataAddr: c3, dataVal: ffffffe17b7d
89 [135862660621888] INFO perfrun.perfcollector <> - DRY_RUN: "reg_type       = 4	event_id       = 6	reg_id         = c4	reg_value      = ffffffe17b7d"
89 [135862660621888] INFO perfrun.perfcollector <> - eventId: 6, dataAddr: c4, dataVal: ffffffe17b7d
89 [135862660621888] INFO perfrun.perfcollector <> - DRY_RUN: "Group 1:"
89 [135862660621888] INFO perfrun.perfcollector <> - id: 1
89 [135862660621888] INFO perfrun.perfcollector <> - DRY_RUN: "INST_RETIRED.ANY: event id 2"
89 [135862660621888] INFO perfrun.perfcollector <> - eventName: INST_RETIRED.ANY, eventId: 2
89 [135862660621888] INFO perfrun.perfcollector <> - DRY_RUN: "CPU_CLK_UNHALTED.THREAD: event id 0"
89 [135862660621888] INFO perfrun.perfcollector <> - eventName: CPU_CLK_UNHALTED.THREAD, eventId: 0
89 [135862660621888] INFO perfrun.perfcollector <> - DRY_RUN: "CPU_CLK_UNHALTED.REF_TSC: event id 1"
89 [135862660621888] INFO perfrun.perfcollector <> - eventName: CPU_CLK_UNHALTED.REF_TSC, eventId: 1
89 [135862660621888] INFO perfrun.perfcollector <> - DRY_RUN: "FP_ARITH_INST_RETIRED.256B_PACKED_SINGLE: event id 7"
89 [135862660621888] INFO perfrun.perfcollector <> - eventName: FP_ARITH_INST_RETIRED.256B_PACKED_SINGLE, eventId: 7
89 [135862660621888] INFO perfrun.perfcollector <> - DRY_RUN: "FP_ARITH_INST_RETIRED.SCALAR_DOUBLE: event id 8"
89 [135862660621888] INFO perfrun.perfcollector <> - eventName: FP_ARITH_INST_RETIRED.SCALAR_DOUBLE, eventId: 8
89 [135862660621888] INFO perfrun.perfcollector <> - DRY_RUN: "FP_ARITH_INST_RETIRED.128B_PACKED_DOUBLE: event id 9"
89 [135862660621888] INFO perfrun.perfcollector <> - eventName: FP_ARITH_INST_RETIRED.128B_PACKED_DOUBLE, eventId: 9
89 [135862660621888] INFO perfrun.perfcollector <> - DRY_RUN: "FP_ARITH_INST_RETIRED.256B_PACKED_DOUBLE: event id 10"
89 [135862660621888] INFO perfrun.perfcollector <> - eventName: FP_ARITH_INST_RETIRED.256B_PACKED_DOUBLE, eventId: 10
89 [135862660621888] INFO perfrun.perfcollector <> - DRY_RUN: "CCCR"
89 [135862660621888] INFO perfrun.perfcollector <> - DRY_RUN: "reg_type       = 1	event_id       = g	reg_id         = 38f	reg_value      = 70000000f"
89 [135862660621888] INFO perfrun.perfcollector <> - eventId: g, skip parsing event_id
89 [135862660621888] INFO perfrun.perfcollector <> - Register was ignored: group_id: 1, reg_type: 1, event_id: 4294967295, reg_id: 38f, reg_value: 70000000f, pmu_name: cpu
89 [135862660621888] INFO perfrun.perfcollector <> - DRY_RUN: "reg_type       = 1	event_id       = g	reg_id         = 390	reg_value      = 70000000f"
89 [135862660621888] INFO perfrun.perfcollector <> - eventId: g, skip parsing event_id
89 [135862660621888] INFO perfrun.perfcollector <> - Register was ignored: group_id: 1, reg_type: 1, event_id: 4294967295, reg_id: 390, reg_value: 70000000f, pmu_name: cpu
89 [135862660621888] INFO perfrun.perfcollector <> - DRY_RUN: "reg_type       = 1	event_id       = g	reg_id         = 3f1	reg_value      = 0"
89 [135862660621888] INFO perfrun.perfcollector <> - eventId: g, skip parsing event_id
89 [135862660621888] INFO perfrun.perfcollector <> - Register was ignored: group_id: 1, reg_type: 1, event_id: 4294967295, reg_id: 3f1, reg_value: 0, pmu_name: cpu
89 [135862660621888] INFO perfrun.perfcollector <> - DRY_RUN: "reg_type       = 1	event_id       = g	reg_id         = 1d9	reg_value      = 1800"
89 [135862660621888] INFO perfrun.perfcollector <> - eventId: g, skip parsing event_id
89 [135862660621888] INFO perfrun.perfcollector <> - Register was ignored: group_id: 1, reg_type: 1, event_id: 4294967295, reg_id: 1d9, reg_value: 1800, pmu_name: cpu
89 [135862660621888] INFO perfrun.perfcollector <> - DRY_RUN: "reg_type       = 1	event_id       = g	reg_id         = 38d	reg_value      = bbb"
89 [135862660621888] INFO perfrun.perfcollector <> - eventId: g, skip parsing event_id
89 [135862660621888] INFO perfrun.perfcollector <> - Register was ignored: group_id: 1, reg_type: 1, event_id: 4294967295, reg_id: 38d, reg_value: bbb, pmu_name: cpu
89 [135862660621888] INFO perfrun.perfcollector <> - DRY_RUN: "reg_type       = 1	event_id       = 7	reg_id         = 186	reg_value      = 5320c7"
89 [135862660621888] INFO perfrun.perfcollector <> - Event selector: group_id: 1, reg_type: 1, event_id: 7, reg_id: 186, reg_value: 5320c7, pmu_name: cpu
89 [135862660621888] INFO perfrun.perfcollector <> - DRY_RUN: "reg_type       = 1	event_id       = 8	reg_id         = 187	reg_value      = 5301c7"
89 [135862660621888] INFO perfrun.perfcollector <> - Event selector: group_id: 1, reg_type: 1, event_id: 8, reg_id: 187, reg_value: 5301c7, pmu_name: cpu
89 [135862660621888] INFO perfrun.perfcollector <> - DRY_RUN: "reg_type       = 1	event_id       = 9	reg_id         = 188	reg_value      = 5304c7"
89 [135862660621888] INFO perfrun.perfcollector <> - Event selector: group_id: 1, reg_type: 1, event_id: 9, reg_id: 188, reg_value: 5304c7, pmu_name: cpu
89 [135862660621888] INFO perfrun.perfcollector <> - DRY_RUN: "reg_type       = 1	event_id       = 10	reg_id         = 189	reg_value      = 5310c7"
89 [135862660621888] INFO perfrun.perfcollector <> - Event selector: group_id: 1, reg_type: 1, event_id: 10, reg_id: 189, reg_value: 5310c7, pmu_name: cpu
89 [135862660621888] INFO perfrun.perfcollector <> - DRY_RUN: "ESCR"
89 [135862660621888] INFO perfrun.perfcollector <> - DRY_RUN: "reg_type       = 2	event_id       = g	reg_id         = 1c8	reg_value      = 0"
89 [135862660621888] INFO perfrun.perfcollector <> - eventId: g, skip parsing event_id
89 [135862660621888] INFO perfrun.perfcollector <> - DRY_RUN: "DATA"
89 [135862660621888] INFO perfrun.perfcollector <> - DRY_RUN: "reg_type       = 4	event_id       = 2	reg_id         = 309	reg_value      = ffffffd23940"
89 [135862660621888] INFO perfrun.perfcollector <> - eventId: 2, dataAddr: 309, dataVal: ffffffd23940
89 [135862660621888] INFO perfrun.perfcollector <> - DRY_RUN: "reg_type       = 4	event_id       = 0	reg_id         = 30a	reg_value      = ffffffe17b7d"
89 [135862660621888] INFO perfrun.perfcollector <> - eventId: 0, dataAddr: 30a, dataVal: ffffffe17b7d
89 [135862660621888] INFO perfrun.perfcollector <> - DRY_RUN: "reg_type       = 4	event_id       = 1	reg_id         = 30b	reg_value      = ffffffd23940"
89 [135862660621888] INFO perfrun.perfcollector <> - eventId: 1, dataAddr: 30b, dataVal: ffffffd23940
89 [135862660621888] INFO perfrun.perfcollector <> - DRY_RUN: "reg_type       = 4	event_id       = 7	reg_id         = c1	reg_value      = ffffffe17b7d"
89 [135862660621888] INFO perfrun.perfcollector <> - eventId: 7, dataAddr: c1, dataVal: ffffffe17b7d
89 [135862660621888] INFO perfrun.perfcollector <> - DRY_RUN: "reg_type       = 4	event_id       = 8	reg_id         = c2	reg_value      = ffffffe17b7d"
89 [135862660621888] INFO perfrun.perfcollector <> - eventId: 8, dataAddr: c2, dataVal: ffffffe17b7d
89 [135862660621888] INFO perfrun.perfcollector <> - DRY_RUN: "reg_type       = 4	event_id       = 9	reg_id         = c3	reg_value      = ffffffe17b7d"
89 [135862660621888] INFO perfrun.perfcollector <> - eventId: 9, dataAddr: c3, dataVal: ffffffe17b7d
89 [135862660621888] INFO perfrun.perfcollector <> - DRY_RUN: "reg_type       = 4	event_id       = 10	reg_id         = c4	reg_value      = ffffffe17b7d"
89 [135862660621888] INFO perfrun.perfcollector <> - eventId: 10, dataAddr: c4, dataVal: ffffffe17b7d
89 [135862660621888] INFO perfrun.perfcollector <> - DRY_RUN: "Group 2:"
89 [135862660621888] INFO perfrun.perfcollector <> - id: 2
89 [135862660621888] INFO perfrun.perfcollector <> - DRY_RUN: "INST_RETIRED.ANY: event id 2"
89 [135862660621888] INFO perfrun.perfcollector <> - eventName: INST_RETIRED.ANY, eventId: 2
89 [135862660621888] INFO perfrun.perfcollector <> - DRY_RUN: "CPU_CLK_UNHALTED.THREAD: event id 0"
89 [135862660621888] INFO perfrun.perfcollector <> - eventName: CPU_CLK_UNHALTED.THREAD, eventId: 0
89 [135862660621888] INFO perfrun.perfcollector <> - DRY_RUN: "CPU_CLK_UNHALTED.REF_TSC: event id 1"
89 [135862660621888] INFO perfrun.perfcollector <> - eventName: CPU_CLK_UNHALTED.REF_TSC, eventId: 1
89 [135862660621888] INFO perfrun.perfcollector <> - DRY_RUN: "UOPS_EXECUTED.X87: event id 11"
89 [135862660621888] INFO perfrun.perfcollector <> - eventName: UOPS_EXECUTED.X87, eventId: 11
89 [135862660621888] INFO perfrun.perfcollector <> - DRY_RUN: "UOPS_RETIRED.RETIRE_SLOTS: event id 12"
89 [135862660621888] INFO perfrun.perfcollector <> - eventName: UOPS_RETIRED.RETIRE_SLOTS, eventId: 12
89 [135862660621888] INFO perfrun.perfcollector <> - DRY_RUN: "UOPS_EXECUTED.THREAD: event id 13"
89 [135862660621888] INFO perfrun.perfcollector <> - eventName: UOPS_EXECUTED.THREAD, eventId: 13
89 [135862660621888] INFO perfrun.perfcollector <> - DRY_RUN: "CCCR"
89 [135862660621888] INFO perfrun.perfcollector <> - DRY_RUN: "reg_type       = 1	event_id       = g	reg_id         = 38f	reg_value      = 700000007"
89 [135862660621888] INFO perfrun.perfcollector <> - eventId: g, skip parsing event_id
89 [135862660621888] INFO perfrun.perfcollector <> - Register was ignored: group_id: 2, reg_type: 1, event_id: 4294967295, reg_id: 38f, reg_value: 700000007, pmu_name: cpu
89 [135862660621888] INFO perfrun.perfcollector <> - DRY_RUN: "reg_type       = 1	event_id       = g	reg_id         = 390	reg_value      = 700000007"
89 [135862660621888] INFO perfrun.perfcollector <> - eventId: g, skip parsing event_id
89 [135862660621888] INFO perfrun.perfcollector <> - Register was ignored: group_id: 2, reg_type: 1, event_id: 4294967295, reg_id: 390, reg_value: 700000007, pmu_name: cpu
89 [135862660621888] INFO perfrun.perfcollector <> - DRY_RUN: "reg_type       = 1	event_id       = g	reg_id         = 3f1	reg_value      = 0"
89 [135862660621888] INFO perfrun.perfcollector <> - eventId: g, skip parsing event_id
89 [135862660621888] INFO perfrun.perfcollector <> - Register was ignored: group_id: 2, reg_type: 1, event_id: 4294967295, reg_id: 3f1, reg_value: 0, pmu_name: cpu
89 [135862660621888] INFO perfrun.perfcollector <> - DRY_RUN: "reg_type       = 1	event_id       = g	reg_id         = 1d9	reg_value      = 1800"
89 [135862660621888] INFO perfrun.perfcollector <> - eventId: g, skip parsing event_id
89 [135862660621888] INFO perfrun.perfcollector <> - Register was ignored: group_id: 2, reg_type: 1, event_id: 4294967295, reg_id: 1d9, reg_value: 1800, pmu_name: cpu
89 [135862660621888] INFO perfrun.perfcollector <> - DRY_RUN: "reg_type       = 1	event_id       = g	reg_id         = 38d	reg_value      = bbb"
89 [135862660621888] INFO perfrun.perfcollector <> - eventId: g, skip parsing event_id
89 [135862660621888] INFO perfrun.perfcollector <> - Register was ignored: group_id: 2, reg_type: 1, event_id: 4294967295, reg_id: 38d, reg_value: bbb, pmu_name: cpu
90 [135862660621888] INFO perfrun.perfcollector <> - DRY_RUN: "reg_type       = 1	event_id       = 11	reg_id         = 186	reg_value      = 5310b1"
90 [135862660621888] INFO perfrun.perfcollector <> - Event selector: group_id: 2, reg_type: 1, event_id: 11, reg_id: 186, reg_value: 5310b1, pmu_name: cpu
90 [135862660621888] INFO perfrun.perfcollector <> - DRY_RUN: "reg_type       = 1	event_id       = 12	reg_id         = 187	reg_value      = 5302c2"
90 [135862660621888] INFO perfrun.perfcollector <> - Event selector: group_id: 2, reg_type: 1, event_id: 12, reg_id: 187, reg_value: 5302c2, pmu_name: cpu
90 [135862660621888] INFO perfrun.perfcollector <> - DRY_RUN: "reg_type       = 1	event_id       = 13	reg_id         = 188	reg_value      = 5301b1"
90 [135862660621888] INFO perfrun.perfcollector <> - Event selector: group_id: 2, reg_type: 1, event_id: 13, reg_id: 188, reg_value: 5301b1, pmu_name: cpu
90 [135862660621888] INFO perfrun.perfcollector <> - DRY_RUN: "ESCR"
90 [135862660621888] INFO perfrun.perfcollector <> - DRY_RUN: "reg_type       = 2	event_id       = g	reg_id         = 1c8	reg_value      = 0"
90 [135862660621888] INFO perfrun.perfcollector <> - eventId: g, skip parsing event_id
90 [135862660621888] INFO perfrun.perfcollector <> - DRY_RUN: "DATA"
90 [135862660621888] INFO perfrun.perfcollector <> - DRY_RUN: "reg_type       = 4	event_id       = 2	reg_id         = 309	reg_value      = ffffffd23940"
90 [135862660621888] INFO perfrun.perfcollector <> - eventId: 2, dataAddr: 309, dataVal: ffffffd23940
90 [135862660621888] INFO perfrun.perfcollector <> - DRY_RUN: "reg_type       = 4	event_id       = 0	reg_id         = 30a	reg_value      = ffffffe17b7d"
90 [135862660621888] INFO perfrun.perfcollector <> - eventId: 0, dataAddr: 30a, dataVal: ffffffe17b7d
90 [135862660621888] INFO perfrun.perfcollector <> - DRY_RUN: "reg_type       = 4	event_id       = 1	reg_id         = 30b	reg_value      = ffffffd23940"
90 [135862660621888] INFO perfrun.perfcollector <> - eventId: 1, dataAddr: 30b, dataVal: ffffffd23940
90 [135862660621888] INFO perfrun.perfcollector <> - DRY_RUN: "reg_type       = 4	event_id       = 11	reg_id         = c1	reg_value      = ffffffe17b7d"
90 [135862660621888] INFO perfrun.perfcollector <> - eventId: 11, dataAddr: c1, dataVal: ffffffe17b7d
90 [135862660621888] INFO perfrun.perfcollector <> - DRY_RUN: "reg_type       = 4	event_id       = 12	reg_id         = c2	reg_value      = ffffffe17b7d"
90 [135862660621888] INFO perfrun.perfcollector <> - eventId: 12, dataAddr: c2, dataVal: ffffffe17b7d
90 [135862660621888] INFO perfrun.perfcollector <> - DRY_RUN: "reg_type       = 4	event_id       = 13	reg_id         = c3	reg_value      = ffffffe17b7d"
90 [135862660621888] INFO perfrun.perfcollector <> - eventId: 13, dataAddr: c3, dataVal: ffffffe17b7d
90 [135862660621888] INFO perfrun.perfcollector <> - event name: CPU_CLK_UNHALTED.THREAD
90 [135862660621888] INFO perfrun.perfcollector <> - pmu config: cpu
90 [135862660621888] INFO perfrun.perfcollector <> - cccrAddr: ffffffff, cccrValue: 0
90 [135862660621888] INFO perfrun.perfcollector <> - dataAddr: 30a, dataValue: ffffffffffe17b7d
90 [135862660621888] INFO perfrun.perfcollector <> - escrAddr: ffffffff, escrValue: 0
90 [135862660621888] INFO perfrun.perfcollector <> - extendedPebsValue: 0
90 [135862660621888] INFO perfrun.perfcollector <> - adaptivePebsAvailable: 0
90 [135862660621888] INFO perfrun.perfcollector <> - config: event: 3c
90 [135862660621888] INFO perfrun.perfcollector <> - config: pc: 0
90 [135862660621888] INFO perfrun.perfcollector <> - config: edge: 0
90 [135862660621888] INFO perfrun.perfcollector <> - config: any: 0
90 [135862660621888] INFO perfrun.perfcollector <> - config1: offcore_rsp: 0
90 [135862660621888] INFO perfrun.perfcollector <> - config1: ldlat: 0
90 [135862660621888] INFO perfrun.perfcollector <> - config: inv: 0
90 [135862660621888] INFO perfrun.perfcollector <> - config: umask: 0
90 [135862660621888] INFO perfrun.perfcollector <> - config1: frontend: 0
90 [135862660621888] INFO perfrun.perfcollector <> - config: cmask: 0
90 [135862660621888] INFO perfrun.perfcollector <> - format: cpu/event=0x3c,name='CPU_CLK_UNHALTED.THREAD'/D
90 [135862660621888] INFO perfrun.perfcollector <> - event name: CPU_CLK_UNHALTED.REF_TSC
90 [135862660621888] INFO perfrun.perfcollector <> - pmu config: cpu
90 [135862660621888] INFO perfrun.perfcollector <> - cccrAddr: ffffffff, cccrValue: 0
90 [135862660621888] INFO perfrun.perfcollector <> - dataAddr: 30b, dataValue: ffffffffffd23940
90 [135862660621888] INFO perfrun.perfcollector <> - escrAddr: ffffffff, escrValue: 0
90 [135862660621888] INFO perfrun.perfcollector <> - extendedPebsValue: 0
90 [135862660621888] INFO perfrun.perfcollector <> - adaptivePebsAvailable: 0
90 [135862660621888] INFO perfrun.perfcollector <> - config: event: 0
90 [135862660621888] INFO perfrun.perfcollector <> - config: pc: 0
90 [135862660621888] INFO perfrun.perfcollector <> - config: edge: 0
90 [135862660621888] INFO perfrun.perfcollector <> - config: any: 0
90 [135862660621888] INFO perfrun.perfcollector <> - config1: offcore_rsp: 0
90 [135862660621888] INFO perfrun.perfcollector <> - config1: ldlat: 0
90 [135862660621888] INFO perfrun.perfcollector <> - config: inv: 0
90 [135862660621888] INFO perfrun.perfcollector <> - config: umask: 3
90 [135862660621888] INFO perfrun.perfcollector <> - config1: frontend: 0
90 [135862660621888] INFO perfrun.perfcollector <> - config: cmask: 0
90 [135862660621888] INFO perfrun.perfcollector <> - format: cpu/umask=0x3,name='CPU_CLK_UNHALTED.REF_TSC'/D
90 [135862660621888] INFO perfrun.perfcollector <> - event name: INST_RETIRED.ANY
90 [135862660621888] INFO perfrun.perfcollector <> - pmu config: cpu
90 [135862660621888] INFO perfrun.perfcollector <> - cccrAddr: ffffffff, cccrValue: 0
90 [135862660621888] INFO perfrun.perfcollector <> - dataAddr: 309, dataValue: ffffffffffd23940
90 [135862660621888] INFO perfrun.perfcollector <> - escrAddr: ffffffff, escrValue: 0
90 [135862660621888] INFO perfrun.perfcollector <> - extendedPebsValue: 0
90 [135862660621888] INFO perfrun.perfcollector <> - adaptivePebsAvailable: 0
90 [135862660621888] INFO perfrun.perfcollector <> - config: event: c0
90 [135862660621888] INFO perfrun.perfcollector <> - config: pc: 0
90 [135862660621888] INFO perfrun.perfcollector <> - config: edge: 0
90 [135862660621888] INFO perfrun.perfcollector <> - config: any: 0
90 [135862660621888] INFO perfrun.perfcollector <> - config1: offcore_rsp: 0
90 [135862660621888] INFO perfrun.perfcollector <> - config1: ldlat: 0
90 [135862660621888] INFO perfrun.perfcollector <> - config: inv: 0
90 [135862660621888] INFO perfrun.perfcollector <> - config: umask: 0
90 [135862660621888] INFO perfrun.perfcollector <> - config1: frontend: 0
90 [135862660621888] INFO perfrun.perfcollector <> - config: cmask: 0
90 [135862660621888] INFO perfrun.perfcollector <> - format: cpu/event=0xc0,name='INST_RETIRED.ANY'/D
90 [135862660621888] INFO perfrun.perfcollector <> - event name: CPU_CLK_UNHALTED.REF_XCLK
90 [135862660621888] INFO perfrun.perfcollector <> - pmu config: cpu
90 [135862660621888] INFO perfrun.perfcollector <> - cccrAddr: 186, cccrValue: 53013c
90 [135862660621888] INFO perfrun.perfcollector <> - dataAddr: c1, dataValue: ffffffffffff9e55
90 [135862660621888] INFO perfrun.perfcollector <> - escrAddr: ffffffff, escrValue: 0
90 [135862660621888] INFO perfrun.perfcollector <> - extendedPebsValue: 0
90 [135862660621888] INFO perfrun.perfcollector <> - adaptivePebsAvailable: 0
90 [135862660621888] INFO perfrun.perfcollector <> - config: event: 3c
90 [135862660621888] INFO perfrun.perfcollector <> - config: pc: 0
90 [135862660621888] INFO perfrun.perfcollector <> - config: edge: 0
90 [135862660621888] INFO perfrun.perfcollector <> - config: any: 0
90 [135862660621888] INFO perfrun.perfcollector <> - config1: offcore_rsp: 0
90 [135862660621888] INFO perfrun.perfcollector <> - config1: ldlat: 0
90 [135862660621888] INFO perfrun.perfcollector <> - config: inv: 0
90 [135862660621888] INFO perfrun.perfcollector <> - config: umask: 1
90 [135862660621888] INFO perfrun.perfcollector <> - config1: frontend: 0
90 [135862660621888] INFO perfrun.perfcollector <> - config: cmask: 0
90 [135862660621888] INFO perfrun.perfcollector <> - format: cpu/event=0x3c,umask=0x1,name='CPU_CLK_UNHALTED.REF_XCLK'/
90 [135862660621888] INFO perfrun.perfcollector <> - event name: CPU_CLK_UNHALTED.ONE_THREAD_ACTIVE
90 [135862660621888] INFO perfrun.perfcollector <> - pmu config: cpu
90 [135862660621888] INFO perfrun.perfcollector <> - cccrAddr: 187, cccrValue: 53023c
90 [135862660621888] INFO perfrun.perfcollector <> - dataAddr: c2, dataValue: ffffffffffff9e55
90 [135862660621888] INFO perfrun.perfcollector <> - escrAddr: ffffffff, escrValue: 0
90 [135862660621888] INFO perfrun.perfcollector <> - extendedPebsValue: 0
90 [135862660621888] INFO perfrun.perfcollector <> - adaptivePebsAvailable: 0
90 [135862660621888] INFO perfrun.perfcollector <> - config: event: 3c
90 [135862660621888] INFO perfrun.perfcollector <> - config: pc: 0
90 [135862660621888] INFO perfrun.perfcollector <> - config: edge: 0
90 [135862660621888] INFO perfrun.perfcollector <> - config: any: 0
90 [135862660621888] INFO perfrun.perfcollector <> - config1: offcore_rsp: 0
90 [135862660621888] INFO perfrun.perfcollector <> - config1: ldlat: 0
90 [135862660621888] INFO perfrun.perfcollector <> - config: inv: 0
90 [135862660621888] INFO perfrun.perfcollector <> - config: umask: 2
90 [135862660621888] INFO perfrun.perfcollector <> - config1: frontend: 0
90 [135862660621888] INFO perfrun.perfcollector <> - config: cmask: 0
90 [135862660621888] INFO perfrun.perfcollector <> - format: cpu/event=0x3c,umask=0x2,name='CPU_CLK_UNHALTED.ONE_THREAD_ACTIVE'/
90 [135862660621888] INFO perfrun.perfcollector <> - event name: FP_ARITH_INST_RETIRED.SCALAR_SINGLE
90 [135862660621888] INFO perfrun.perfcollector <> - pmu config: cpu
90 [135862660621888] INFO perfrun.perfcollector <> - cccrAddr: 188, cccrValue: 5302c7
90 [135862660621888] INFO perfrun.perfcollector <> - dataAddr: c3, dataValue: ffffffffffe17b7d
90 [135862660621888] INFO perfrun.perfcollector <> - escrAddr: ffffffff, escrValue: 0
90 [135862660621888] INFO perfrun.perfcollector <> - extendedPebsValue: 0
90 [135862660621888] INFO perfrun.perfcollector <> - adaptivePebsAvailable: 0
90 [135862660621888] INFO perfrun.perfcollector <> - config: event: c7
90 [135862660621888] INFO perfrun.perfcollector <> - config: pc: 0
90 [135862660621888] INFO perfrun.perfcollector <> - config: edge: 0
90 [135862660621888] INFO perfrun.perfcollector <> - config: any: 0
90 [135862660621888] INFO perfrun.perfcollector <> - config1: offcore_rsp: 0
90 [135862660621888] INFO perfrun.perfcollector <> - config1: ldlat: 0
90 [135862660621888] INFO perfrun.perfcollector <> - config: inv: 0
90 [135862660621888] INFO perfrun.perfcollector <> - config: umask: 2
90 [135862660621888] INFO perfrun.perfcollector <> - config1: frontend: 0
90 [135862660621888] INFO perfrun.perfcollector <> - config: cmask: 0
90 [135862660621888] INFO perfrun.perfcollector <> - format: cpu/event=0xc7,umask=0x2,name='FP_ARITH_INST_RETIRED.SCALAR_SINGLE'/
90 [135862660621888] INFO perfrun.perfcollector <> - event name: FP_ARITH_INST_RETIRED.128B_PACKED_SINGLE
90 [135862660621888] INFO perfrun.perfcollector <> - pmu config: cpu
90 [135862660621888] INFO perfrun.perfcollector <> - cccrAddr: 189, cccrValue: 5308c7
90 [135862660621888] INFO perfrun.perfcollector <> - dataAddr: c4, dataValue: ffffffffffe17b7d
90 [135862660621888] INFO perfrun.perfcollector <> - escrAddr: ffffffff, escrValue: 0
90 [135862660621888] INFO perfrun.perfcollector <> - extendedPebsValue: 0
90 [135862660621888] INFO perfrun.perfcollector <> - adaptivePebsAvailable: 0
90 [135862660621888] INFO perfrun.perfcollector <> - config: event: c7
90 [135862660621888] INFO perfrun.perfcollector <> - config: pc: 0
90 [135862660621888] INFO perfrun.perfcollector <> - config: edge: 0
90 [135862660621888] INFO perfrun.perfcollector <> - config: any: 0
90 [135862660621888] INFO perfrun.perfcollector <> - config1: offcore_rsp: 0
90 [135862660621888] INFO perfrun.perfcollector <> - config1: ldlat: 0
90 [135862660621888] INFO perfrun.perfcollector <> - config: inv: 0
90 [135862660621888] INFO perfrun.perfcollector <> - config: umask: 8
90 [135862660621888] INFO perfrun.perfcollector <> - config1: frontend: 0
90 [135862660621888] INFO perfrun.perfcollector <> - config: cmask: 0
90 [135862660621888] INFO perfrun.perfcollector <> - format: cpu/event=0xc7,umask=0x8,name='FP_ARITH_INST_RETIRED.128B_PACKED_SINGLE'/
90 [135862660621888] INFO perfrun.perfcollector <> - event name: FP_ARITH_INST_RETIRED.256B_PACKED_SINGLE
90 [135862660621888] INFO perfrun.perfcollector <> - pmu config: cpu
90 [135862660621888] INFO perfrun.perfcollector <> - cccrAddr: 186, cccrValue: 5320c7
90 [135862660621888] INFO perfrun.perfcollector <> - dataAddr: c1, dataValue: ffffffffffe17b7d
90 [135862660621888] INFO perfrun.perfcollector <> - escrAddr: ffffffff, escrValue: 0
90 [135862660621888] INFO perfrun.perfcollector <> - extendedPebsValue: 0
90 [135862660621888] INFO perfrun.perfcollector <> - adaptivePebsAvailable: 0
90 [135862660621888] INFO perfrun.perfcollector <> - config: event: c7
90 [135862660621888] INFO perfrun.perfcollector <> - config: pc: 0
90 [135862660621888] INFO perfrun.perfcollector <> - config: edge: 0
90 [135862660621888] INFO perfrun.perfcollector <> - config: any: 0
90 [135862660621888] INFO perfrun.perfcollector <> - config1: offcore_rsp: 0
90 [135862660621888] INFO perfrun.perfcollector <> - config1: ldlat: 0
90 [135862660621888] INFO perfrun.perfcollector <> - config: inv: 0
90 [135862660621888] INFO perfrun.perfcollector <> - config: umask: 20
90 [135862660621888] INFO perfrun.perfcollector <> - config1: frontend: 0
90 [135862660621888] INFO perfrun.perfcollector <> - config: cmask: 0
90 [135862660621888] INFO perfrun.perfcollector <> - format: cpu/event=0xc7,umask=0x20,name='FP_ARITH_INST_RETIRED.256B_PACKED_SINGLE'/
90 [135862660621888] INFO perfrun.perfcollector <> - event name: FP_ARITH_INST_RETIRED.SCALAR_DOUBLE
90 [135862660621888] INFO perfrun.perfcollector <> - pmu config: cpu
90 [135862660621888] INFO perfrun.perfcollector <> - cccrAddr: 187, cccrValue: 5301c7
90 [135862660621888] INFO perfrun.perfcollector <> - dataAddr: c2, dataValue: ffffffffffe17b7d
90 [135862660621888] INFO perfrun.perfcollector <> - escrAddr: ffffffff, escrValue: 0
90 [135862660621888] INFO perfrun.perfcollector <> - extendedPebsValue: 0
90 [135862660621888] INFO perfrun.perfcollector <> - adaptivePebsAvailable: 0
90 [135862660621888] INFO perfrun.perfcollector <> - config: event: c7
90 [135862660621888] INFO perfrun.perfcollector <> - config: pc: 0
90 [135862660621888] INFO perfrun.perfcollector <> - config: edge: 0
90 [135862660621888] INFO perfrun.perfcollector <> - config: any: 0
90 [135862660621888] INFO perfrun.perfcollector <> - config1: offcore_rsp: 0
90 [135862660621888] INFO perfrun.perfcollector <> - config1: ldlat: 0
90 [135862660621888] INFO perfrun.perfcollector <> - config: inv: 0
90 [135862660621888] INFO perfrun.perfcollector <> - config: umask: 1
90 [135862660621888] INFO perfrun.perfcollector <> - config1: frontend: 0
90 [135862660621888] INFO perfrun.perfcollector <> - config: cmask: 0
90 [135862660621888] INFO perfrun.perfcollector <> - format: cpu/event=0xc7,umask=0x1,name='FP_ARITH_INST_RETIRED.SCALAR_DOUBLE'/
90 [135862660621888] INFO perfrun.perfcollector <> - event name: FP_ARITH_INST_RETIRED.128B_PACKED_DOUBLE
90 [135862660621888] INFO perfrun.perfcollector <> - pmu config: cpu
90 [135862660621888] INFO perfrun.perfcollector <> - cccrAddr: 188, cccrValue: 5304c7
90 [135862660621888] INFO perfrun.perfcollector <> - dataAddr: c3, dataValue: ffffffffffe17b7d
90 [135862660621888] INFO perfrun.perfcollector <> - escrAddr: ffffffff, escrValue: 0
90 [135862660621888] INFO perfrun.perfcollector <> - extendedPebsValue: 0
90 [135862660621888] INFO perfrun.perfcollector <> - adaptivePebsAvailable: 0
90 [135862660621888] INFO perfrun.perfcollector <> - config: event: c7
90 [135862660621888] INFO perfrun.perfcollector <> - config: pc: 0
90 [135862660621888] INFO perfrun.perfcollector <> - config: edge: 0
90 [135862660621888] INFO perfrun.perfcollector <> - config: any: 0
90 [135862660621888] INFO perfrun.perfcollector <> - config1: offcore_rsp: 0
90 [135862660621888] INFO perfrun.perfcollector <> - config1: ldlat: 0
90 [135862660621888] INFO perfrun.perfcollector <> - config: inv: 0
90 [135862660621888] INFO perfrun.perfcollector <> - config: umask: 4
90 [135862660621888] INFO perfrun.perfcollector <> - config1: frontend: 0
90 [135862660621888] INFO perfrun.perfcollector <> - config: cmask: 0
90 [135862660621888] INFO perfrun.perfcollector <> - format: cpu/event=0xc7,umask=0x4,name='FP_ARITH_INST_RETIRED.128B_PACKED_DOUBLE'/
90 [135862660621888] INFO perfrun.perfcollector <> - event name: FP_ARITH_INST_RETIRED.256B_PACKED_DOUBLE
90 [135862660621888] INFO perfrun.perfcollector <> - pmu config: cpu
90 [135862660621888] INFO perfrun.perfcollector <> - cccrAddr: 189, cccrValue: 5310c7
90 [135862660621888] INFO perfrun.perfcollector <> - dataAddr: c4, dataValue: ffffffffffe17b7d
90 [135862660621888] INFO perfrun.perfcollector <> - escrAddr: ffffffff, escrValue: 0
90 [135862660621888] INFO perfrun.perfcollector <> - extendedPebsValue: 0
90 [135862660621888] INFO perfrun.perfcollector <> - adaptivePebsAvailable: 0
90 [135862660621888] INFO perfrun.perfcollector <> - config: event: c7
90 [135862660621888] INFO perfrun.perfcollector <> - config: pc: 0
90 [135862660621888] INFO perfrun.perfcollector <> - config: edge: 0
90 [135862660621888] INFO perfrun.perfcollector <> - config: any: 0
90 [135862660621888] INFO perfrun.perfcollector <> - config1: offcore_rsp: 0
90 [135862660621888] INFO perfrun.perfcollector <> - config1: ldlat: 0
90 [135862660621888] INFO perfrun.perfcollector <> - config: inv: 0
90 [135862660621888] INFO perfrun.perfcollector <> - config: umask: 10
90 [135862660621888] INFO perfrun.perfcollector <> - config1: frontend: 0
90 [135862660621888] INFO perfrun.perfcollector <> - config: cmask: 0
90 [135862660621888] INFO perfrun.perfcollector <> - format: cpu/event=0xc7,umask=0x10,name='FP_ARITH_INST_RETIRED.256B_PACKED_DOUBLE'/
90 [135862660621888] INFO perfrun.perfcollector <> - event name: UOPS_EXECUTED.X87
90 [135862660621888] INFO perfrun.perfcollector <> - pmu config: cpu
90 [135862660621888] INFO perfrun.perfcollector <> - cccrAddr: 186, cccrValue: 5310b1
90 [135862660621888] INFO perfrun.perfcollector <> - dataAddr: c1, dataValue: ffffffffffe17b7d
90 [135862660621888] INFO perfrun.perfcollector <> - escrAddr: ffffffff, escrValue: 0
90 [135862660621888] INFO perfrun.perfcollector <> - extendedPebsValue: 0
90 [135862660621888] INFO perfrun.perfcollector <> - adaptivePebsAvailable: 0
90 [135862660621888] INFO perfrun.perfcollector <> - config: event: b1
90 [135862660621888] INFO perfrun.perfcollector <> - config: pc: 0
90 [135862660621888] INFO perfrun.perfcollector <> - config: edge: 0
90 [135862660621888] INFO perfrun.perfcollector <> - config: any: 0
90 [135862660621888] INFO perfrun.perfcollector <> - config1: offcore_rsp: 0
90 [135862660621888] INFO perfrun.perfcollector <> - config1: ldlat: 0
90 [135862660621888] INFO perfrun.perfcollector <> - config: inv: 0
90 [135862660621888] INFO perfrun.perfcollector <> - config: umask: 10
90 [135862660621888] INFO perfrun.perfcollector <> - config1: frontend: 0
90 [135862660621888] INFO perfrun.perfcollector <> - config: cmask: 0
90 [135862660621888] INFO perfrun.perfcollector <> - format: cpu/event=0xb1,umask=0x10,name='UOPS_EXECUTED.X87'/
90 [135862660621888] INFO perfrun.perfcollector <> - event name: UOPS_RETIRED.RETIRE_SLOTS
90 [135862660621888] INFO perfrun.perfcollector <> - pmu config: cpu
90 [135862660621888] INFO perfrun.perfcollector <> - cccrAddr: 187, cccrValue: 5302c2
90 [135862660621888] INFO perfrun.perfcollector <> - dataAddr: c2, dataValue: ffffffffffe17b7d
90 [135862660621888] INFO perfrun.perfcollector <> - escrAddr: ffffffff, escrValue: 0
90 [135862660621888] INFO perfrun.perfcollector <> - extendedPebsValue: 0
90 [135862660621888] INFO perfrun.perfcollector <> - adaptivePebsAvailable: 0
90 [135862660621888] INFO perfrun.perfcollector <> - config: event: c2
90 [135862660621888] INFO perfrun.perfcollector <> - config: pc: 0
90 [135862660621888] INFO perfrun.perfcollector <> - config: edge: 0
90 [135862660621888] INFO perfrun.perfcollector <> - config: any: 0
90 [135862660621888] INFO perfrun.perfcollector <> - config1: offcore_rsp: 0
90 [135862660621888] INFO perfrun.perfcollector <> - config1: ldlat: 0
90 [135862660621888] INFO perfrun.perfcollector <> - config: inv: 0
90 [135862660621888] INFO perfrun.perfcollector <> - config: umask: 2
90 [135862660621888] INFO perfrun.perfcollector <> - config1: frontend: 0
90 [135862660621888] INFO perfrun.perfcollector <> - config: cmask: 0
90 [135862660621888] INFO perfrun.perfcollector <> - format: cpu/event=0xc2,umask=0x2,name='UOPS_RETIRED.RETIRE_SLOTS'/
90 [135862660621888] INFO perfrun.perfcollector <> - event name: UOPS_EXECUTED.THREAD
90 [135862660621888] INFO perfrun.perfcollector <> - pmu config: cpu
90 [135862660621888] INFO perfrun.perfcollector <> - cccrAddr: 188, cccrValue: 5301b1
90 [135862660621888] INFO perfrun.perfcollector <> - dataAddr: c3, dataValue: ffffffffffe17b7d
91 [135862660621888] INFO perfrun.perfcollector <> - escrAddr: ffffffff, escrValue: 0
91 [135862660621888] INFO perfrun.perfcollector <> - extendedPebsValue: 0
91 [135862660621888] INFO perfrun.perfcollector <> - adaptivePebsAvailable: 0
91 [135862660621888] INFO perfrun.perfcollector <> - config: event: b1
91 [135862660621888] INFO perfrun.perfcollector <> - config: pc: 0
91 [135862660621888] INFO perfrun.perfcollector <> - config: edge: 0
91 [135862660621888] INFO perfrun.perfcollector <> - config: any: 0
91 [135862660621888] INFO perfrun.perfcollector <> - config1: offcore_rsp: 0
91 [135862660621888] INFO perfrun.perfcollector <> - config1: ldlat: 0
91 [135862660621888] INFO perfrun.perfcollector <> - config: inv: 0
91 [135862660621888] INFO perfrun.perfcollector <> - config: umask: 1
91 [135862660621888] INFO perfrun.perfcollector <> - config1: frontend: 0
91 [135862660621888] INFO perfrun.perfcollector <> - config: cmask: 0
91 [135862660621888] INFO perfrun.perfcollector <> - format: cpu/event=0xb1,umask=0x1,name='UOPS_EXECUTED.THREAD'/
91 [135862660621888] INFO perfrun.perfcollector <> - event: cpu/event=0x3c,name='CPU_CLK_UNHALTED.THREAD'/Duk, added for counting
91 [135862660621888] INFO perfrun.perfcollector <> - event: cpu/umask=0x3,name='CPU_CLK_UNHALTED.REF_TSC'/Duk, added for counting
91 [135862660621888] INFO perfrun.perfcollector <> - event: cpu/event=0xc0,name='INST_RETIRED.ANY'/Duk, added for counting
91 [135862660621888] INFO perfrun.perfcollector <> - event: cpu/event=0x3c,umask=0x1,name='CPU_CLK_UNHALTED.REF_XCLK'/uk, added for counting
91 [135862660621888] INFO perfrun.perfcollector <> - event: cpu/event=0x3c,umask=0x2,name='CPU_CLK_UNHALTED.ONE_THREAD_ACTIVE'/uk, added for counting
91 [135862660621888] INFO perfrun.perfcollector <> - event: cpu/event=0xc7,umask=0x2,name='FP_ARITH_INST_RETIRED.SCALAR_SINGLE'/uk, added for counting
91 [135862660621888] INFO perfrun.perfcollector <> - event: cpu/event=0xc7,umask=0x8,name='FP_ARITH_INST_RETIRED.128B_PACKED_SINGLE'/uk, added for counting
91 [135862660621888] INFO perfrun.perfcollector <> - event: cpu/event=0xc7,umask=0x20,name='FP_ARITH_INST_RETIRED.256B_PACKED_SINGLE'/uk, added for counting
91 [135862660621888] INFO perfrun.perfcollector <> - event: cpu/event=0xc7,umask=0x1,name='FP_ARITH_INST_RETIRED.SCALAR_DOUBLE'/uk, added for counting
91 [135862660621888] INFO perfrun.perfcollector <> - event: cpu/event=0xc7,umask=0x4,name='FP_ARITH_INST_RETIRED.128B_PACKED_DOUBLE'/uk, added for counting
91 [135862660621888] INFO perfrun.perfcollector <> - event: cpu/event=0xc7,umask=0x10,name='FP_ARITH_INST_RETIRED.256B_PACKED_DOUBLE'/uk, added for counting
91 [135862660621888] INFO perfrun.perfcollector <> - event: cpu/event=0xb1,umask=0x10,name='UOPS_EXECUTED.X87'/uk, added for counting
91 [135862660621888] INFO perfrun.perfcollector <> - event: cpu/event=0xc2,umask=0x2,name='UOPS_RETIRED.RETIRE_SLOTS'/uk, added for counting
91 [135862660621888] INFO perfrun.perfcollector <> - event: cpu/event=0xb1,umask=0x1,name='UOPS_EXECUTED.THREAD'/uk, added for counting
91 [135862660621888] INFO perfrun.perfcollector <> - attaching to pid: 4294967295, collect mode: 1, rc modes: 3
91 [135862652229184] WARN perfrun.perfcollector <> - Perf stat trace pipe capacity: read = 1048576, write = 1048576, at file: vcs/perfrun1/plugins/perfcollector/src/profiler.cpp:786
91 [135862652229184] INFO perfrun.sdk <> - runCmd: /opt/intel/oneapi/vtune/2024.1/bin64/amplxe-perf stat -v --log-fd 11 --scale -x ; -e cpu/event=0x3c,name='CPU_CLK_UNHALTED.THREAD'/Duk,cpu/umask=0x3,name='CPU_CLK_UNHALTED.REF_TSC'/Duk,cpu/event=0xc0,name='INST_RETIRED.ANY'/Duk,cpu/event=0x3c,umask=0x1,name='CPU_CLK_UNHALTED.REF_XCLK'/uk,cpu/event=0x3c,umask=0x2,name='CPU_CLK_UNHALTED.ONE_THREAD_ACTIVE'/uk,cpu/event=0xc7,umask=0x2,name='FP_ARITH_INST_RETIRED.SCALAR_SINGLE'/uk,cpu/event=0xc7,umask=0x8,name='FP_ARITH_INST_RETIRED.128B_PACKED_SINGLE'/uk,cpu/event=0xc7,umask=0x20,name='FP_ARITH_INST_RETIRED.256B_PACKED_SINGLE'/uk,cpu/event=0xc7,umask=0x1,name='FP_ARITH_INST_RETIRED.SCALAR_DOUBLE'/uk,cpu/event=0xc7,umask=0x4,name='FP_ARITH_INST_RETIRED.128B_PACKED_DOUBLE'/uk,cpu/event=0xc7,umask=0x10,name='FP_ARITH_INST_RETIRED.256B_PACKED_DOUBLE'/uk,cpu/event=0xb1,umask=0x10,name='UOPS_EXECUTED.X87'/uk,cpu/event=0xc2,umask=0x2,name='UOPS_RETIRED.RETIRE_SLOTS'/uk,cpu/event=0xb1,umask=0x1,name='UOPS_EXECUTED.THREAD'/uk /opt/intel/oneapi/vtune/2024.1/bin64/amplxe-perf-sync dryrun tsc
92 [135862652229184] INFO perfrun.sdk <> - runCmd started PID 45914
143 [135862652229184] INFO perfrun.perfcollector <> - Monitor: runCmd RC = true
144 [135862660621888] INFO perfrun.launcher <> - plugin [aoclprofile] was disabled because it doesn't support the given collection type.
144 [135862660621888] INFO perfrun.tpss <> - initialize tpss controller
144 [135862660621888] INFO perfrun.tpss <> - configure collection mode: value = cpu:counters:nostack
144 [135862660621888] INFO perfrun.tpss <> - configure collection mode: value = cpu:stack
144 [135862660621888] INFO perfrun.tpss <> - default obj-size-min=1024
144 [135862660621888] INFO perfrun.tpss <> - default hash-table-size=0
144 [135862660621888] INFO perfrun.launcher <> - plugin [media] was disabled because it doesn't support the given collection type.
144 [135862660621888] INFO perfrun.launcher <> - plugin [] was disabled because it doesn't support the given collection type.
144 [135862660621888] INFO perfrun.launcher <> - plugin [] was disabled because it doesn't support the given collection type.
144 [135862660621888] INFO perfrun.launcher <> - plugin [parallelfs] was disabled because it doesn't support the given collection type.
144 [135862660621888] INFO perfrun.launcher <> - plugin [power] was disabled because it doesn't support the given collection type.
144 [135862660621888] INFO perfrun.launcher <> - plugin [] was disabled because it doesn't support the given collection type.
144 [135862660621888] INFO perfrun.launcher <> - plugin [ipmwatch] was disabled because it doesn't support the given collection type.
144 [135862660621888] INFO perfrun.launcher <> - plugin [os_counters] was disabled because it doesn't support the given collection type.
144 [135862660621888] INFO perfrun.launcher <> - plugin [l0_metrics] was disabled because it doesn't support the given collection type.
144 [135862815954752] INFO perfrun.launcher <> - set environment variable: LD_LIBRARY_PATH = /opt/intel/oneapi/vtune/2024.1/lib32/runtime:/opt/intel/oneapi/vtune/2024.1/lib64/runtime:/opt/intel/oneapi/tbb/2021.12/env/../lib/intel64/gcc4.8:/opt/intel/oneapi/mpi/2021.12/opt/mpi/libfabric/lib:/opt/intel/oneapi/mpi/2021.12/lib:/opt/intel/oneapi/mkl/2024.1/lib:/opt/intel/oneapi/ippcp/2021.11/lib/:/opt/intel/oneapi/ipp/2021.11/lib:/opt/intel/oneapi/dpl/2022.5/lib:/opt/intel/oneapi/dnnl/2024.1/lib:/opt/intel/oneapi/debugger/2024.1/opt/debugger/lib:/opt/intel/oneapi/dal/2024.2/lib:/opt/intel/oneapi/compiler/2024.1/opt/oclfpga/host/linux64/lib:/opt/intel/oneapi/compiler/2024.1/opt/compiler/lib:/opt/intel/oneapi/compiler/2024.1/lib:/opt/intel/oneapi/ccl/2021.12/lib/
144 [135862815954752] INFO perfrun.launcher <> - set environment variable: INTEL_LIBITTNOTIFY32 = /opt/intel/oneapi/vtune/2024.1/lib32/runtime/libittnotify_collector.so
144 [135862815954752] INFO perfrun.launcher <> - set environment variable: INTEL_LIBITTNOTIFY64 = /opt/intel/oneapi/vtune/2024.1/lib64/runtime/libittnotify_collector.so
144 [135862815954752] INFO perfrun.launcher <> - set environment variable: INTEL_ITTNOTIFY_GROUPS = 
144 [135862815954752] INFO perfrun.launcher <> - set environment variable: INTEL_JIT_PROFILER32 = /opt/intel/oneapi/vtune/2024.1/lib32/runtime/libittnotify_collector.so
144 [135862815954752] INFO perfrun.launcher <> - set environment variable: INTEL_JIT_PROFILER64 = /opt/intel/oneapi/vtune/2024.1/lib64/runtime/libittnotify_collector.so
144 [135862815954752] INFO perfrun.launcher <> - set environment variable: ENABLE_JITPROFILING = 1
144 [135862815954752] INFO perfrun.launcher <> - set environment variable: CL_CONFIG_USE_VTUNE = True
144 [135862815954752] INFO perfrun.launcher <> - set environment variable: KMP_FORKJOIN_FRAMES = 0
144 [135862815954752] INFO perfrun.launcher <> - set environment variable: KMP_FORKJOIN_FRAMES_MODE = 0
144 [135862815954752] INFO perfrun.launcher <> - set environment variable: INTEL_MRTE_DATA_DIR = /home/igor/Documents/Filtro_OPSD/Shared_Mem_OPSD/vtune_results/data.0
144 [135862815954752] INFO perfrun.launcher <> - set environment variable: INTEL_MRTE_HOST_NAME = igor-OptiPlex-3070
144 [135862815954752] INFO perfrun.launcher <> - set environment variable: JAVA_TOOL_OPTIONS = -agentlib:amplxe_tpssmrte_javaprof_1.0 -Dsun.boot.library.path=/opt/intel/oneapi/vtune/2024.1/lib32/runtime:/opt/intel/oneapi/vtune/2024.1/lib64/runtime
144 [135862815954752] INFO perfrun.launcher <> - set environment variable: LD_LIBRARY_PATH = /opt/intel/oneapi/vtune/2024.1/lib32/runtime:/opt/intel/oneapi/vtune/2024.1/lib64/runtime:/opt/intel/oneapi/tbb/2021.12/env/../lib/intel64/gcc4.8:/opt/intel/oneapi/mpi/2021.12/opt/mpi/libfabric/lib:/opt/intel/oneapi/mpi/2021.12/lib:/opt/intel/oneapi/mkl/2024.1/lib:/opt/intel/oneapi/ippcp/2021.11/lib/:/opt/intel/oneapi/ipp/2021.11/lib:/opt/intel/oneapi/dpl/2022.5/lib:/opt/intel/oneapi/dnnl/2024.1/lib:/opt/intel/oneapi/debugger/2024.1/opt/debugger/lib:/opt/intel/oneapi/dal/2024.2/lib:/opt/intel/oneapi/compiler/2024.1/opt/oclfpga/host/linux64/lib:/opt/intel/oneapi/compiler/2024.1/opt/compiler/lib:/opt/intel/oneapi/compiler/2024.1/lib:/opt/intel/oneapi/ccl/2021.12/lib/
144 [135862815954752] INFO perfrun.launcher <> - set environment variable: CORECLR_ENABLE_PROFILING = 1
144 [135862815954752] INFO perfrun.launcher <> - set environment variable: CORECLR_PROFILER = {AA5E4821-E3B1-479c-B7FF-5AD047D22CED}
144 [135862815954752] INFO perfrun.launcher <> - set environment variable: CORECLR_PROFILER_PATH = /opt/intel/oneapi/vtune/2024.1/lib64/libamplxe_samplingmrte_clrprof_1.0.so
144 [135862815954752] INFO perfrun.launcher <> - set environment variable: INTEL_MRTE_PROFILER_MODE = mixed
144 [135862815954752] INFO perfrun.launcher <> - RpcServer: run RPC server to handle requests
145 [135862815954752] INFO perfrun.launcher <> - Launcher: command line to start before modification = ./main 10000 10000
145 [135862815954752] INFO perfrun.launcher <> - Launcher: command line to start after modification = /opt/intel/oneapi/vtune/2024.1/bin64/pin -error_file /home/igor/Documents/Filtro_OPSD/Shared_Mem_OPSD/vtune_results/data.0/pinerr.tpsslog -detach_reattach -follow_execv -tool_load_option deepbind -t64 /opt/intel/oneapi/vtune/2024.1/lib64/libtpsstool.so -t /opt/intel/oneapi/vtune/2024.1/lib32/libtpsstool.so -server_name tpss_ipc.45907 -prd_dir /opt/intel/oneapi/vtune/2024.1 -- ./main 10000 10000
145 [135862815954752] INFO perfrun.launcher <> - ProcessCreator object was created
145 [135862815954752] INFO perfrun.launcher <> - Launcher: the process was started in suspend mode
146 [135862660621888] WARN perfrun.system <> - Could not do anything with /sys/kernel/debug/kvm: boost::filesystem::status: Permission denied [system:13]: "/sys/kernel/debug/kvm", at file: vcs/perfrun1/plugins/system/src/trace_writer.cpp:787
146 [135862660621888] WARN perfrun.system <> - Folder "/var/run/libvirt/qemu/"doesn't exist, at file: vcs/perfrun1/plugins/system/src/trace_writer.cpp:800
146 [135862660621888] WARN perfrun.sdk <> - Failed to find xl binary on any of the system paths: /bin, /sbin, /usr/bin, /usr/sbin., at file: vcs/perfrun1/sdk/src/utils.cpp:204
146 [135862660621888] WARN perfrun.system <> - Could not start ContainerMapping collector, at file: vcs/perfrun1/plugins/system/src/controller.cpp:448
149 [135862660621888] INFO perfrun.vdso <> - Helper runtool '/opt/intel/oneapi/vtune/2024.1/bin32/amplxe-runss -dump-vdso -r /home/igor/Documents/Filtro_OPSD/Shared_Mem_OPSD/vtune_results --tmp-dir /tmp/amplxe-tmp-igor' returned 1
191 [135862660621888] INFO perfrun.vdso <> - Helper runtool '/opt/intel/oneapi/vtune/2024.1/bin64/amplxe-runss -dump-vdso -r /home/igor/Documents/Filtro_OPSD/Shared_Mem_OPSD/vtune_results --tmp-dir /tmp/amplxe-tmp-igor' returned 0
191 [135862660621888] INFO perfrun.itt <> - start itt controller for pid #45917
192 [135862660621888] INFO perfrun.perfcollector <> - attaching to pid: 45917, collect mode: 1, rc modes: 1
192 [135862423643712] WARN perfrun.perfcollector <> - Perf stat trace pipe capacity: read = 1048576, write = 1048576, at file: vcs/perfrun1/plugins/perfcollector/src/profiler.cpp:786
192 [135862423643712] INFO perfrun.sdk <> - runCmd: /opt/intel/oneapi/vtune/2024.1/bin64/amplxe-perf stat -v --log-fd 22 --control=fd:23,26 --scale -x ; -p 45917 -e cpu/event=0x3c,name='CPU_CLK_UNHALTED.THREAD'/Duk,cpu/umask=0x3,name='CPU_CLK_UNHALTED.REF_TSC'/Duk,cpu/event=0xc0,name='INST_RETIRED.ANY'/Duk,cpu/event=0x3c,umask=0x1,name='CPU_CLK_UNHALTED.REF_XCLK'/uk,cpu/event=0x3c,umask=0x2,name='CPU_CLK_UNHALTED.ONE_THREAD_ACTIVE'/uk,cpu/event=0xc7,umask=0x2,name='FP_ARITH_INST_RETIRED.SCALAR_SINGLE'/uk,cpu/event=0xc7,umask=0x8,name='FP_ARITH_INST_RETIRED.128B_PACKED_SINGLE'/uk,cpu/event=0xc7,umask=0x20,name='FP_ARITH_INST_RETIRED.256B_PACKED_SINGLE'/uk,cpu/event=0xc7,umask=0x1,name='FP_ARITH_INST_RETIRED.SCALAR_DOUBLE'/uk,cpu/event=0xc7,umask=0x4,name='FP_ARITH_INST_RETIRED.128B_PACKED_DOUBLE'/uk,cpu/event=0xc7,umask=0x10,name='FP_ARITH_INST_RETIRED.256B_PACKED_DOUBLE'/uk,cpu/event=0xb1,umask=0x10,name='UOPS_EXECUTED.X87'/uk,cpu/event=0xc2,umask=0x2,name='UOPS_RETIRED.RETIRE_SLOTS'/uk,cpu/event=0xb1,umask=0x1,name='UOPS_EXECUTED.THREAD'/uk /opt/intel/oneapi/vtune/2024.1/bin64/amplxe-perf-sync sync tsc
193 [135862423643712] INFO perfrun.sdk <> - runCmd started PID 45925
211 [135862660621888] INFO perfrun.tpss <> - start tpss controller for pid #45917
261 [135862815954752] INFO perfrun.launcher <> - Launcher: all plugins were started
261 [135862815954752] INFO perfrun.launcher <> - DirectoryMonitor object was created
261 [135862815954752] INFO perfrun.launcher <> - DirectoryMonitor: a callback was added
261 [135862815954752] INFO perfrun.launcher <> - DirectoryMonitor was started with pingTime = 1000
261 [135862815954752] INFO perfrun.launcher <> - DeadlineTimer is going to be constructed
262 [135862815954752] INFO perfrun.launcher <> - DeadlineTimer: a callback was added
304 [135862815954752] INFO perfrun.launcher <> - Launcher: resume the profiled application and  wait its termination or stop command
5463 [135862815954752] INFO perfrun.launcher <> - Launcher: the profiled application was terminated  with exit code = 0
5467 [135862660621888] INFO perfrun.itt <> - detach itt controller
5467 [135862660621888] INFO perfrun.itt <> - detach itt controller done
5468 [135862423643712] INFO perfrun.perfcollector <> - Monitor: runCmd RC = true
5468 [135862660621888] INFO perfrun.perfcollector <> - Monitor: state = 3, error = 1
5468 [135862660621888] INFO perfrun.tpss <> - stop tpss controller
5468 [135862660621888] INFO perfrun.sdk <> - De-allocating TMU: /home/igor/Documents/Filtro_OPSD/Shared_Mem_OPSD/vtune_results/data.0/systemcollector-45907-igor-OptiPlex-3070.sc
5468 [135862660621888] INFO perfrun.system <> - closed the system trace file: /home/igor/Documents/Filtro_OPSD/Shared_Mem_OPSD/vtune_results/data.0/systemcollector-45907-igor-OptiPlex-3070.sc
5468 [135862815954752] INFO perfrun.launcher <> - Launcher: all plugins were stopped.
5468 [135862815954752] INFO perfrun.launcher <> - DeadlineTimer is going to be destroyed
5469 [135862815954752] INFO perfrun.launcher <> - DeadlineTimer was destroyed
5469 [135862815954752] INFO perfrun.launcher <> - DirectoryMonitor object was destroyed
5469 [135862815954752] WARN perfrun.launcher <> - Stop command is ignored because it is received when collection is already stopped, at file: vcs/perfrun1/launcher/src/command_handler.cpp:226
5469 [135862815954752] INFO perfrun.launcher <> - Application exit code: 0
5469 [135862815954752] INFO perfrun.launcher <> - Exit code: 0
